[1707263326252] INFO  (ext): SQLTools is starting
[1707263326253] INFO  (ext): initializing language client...
[1707263326257] INFO  (ext): Registering client for languages [{"scheme":"sqltools"},{"language":"sql","scheme":"untitled"},{"language":"sql","scheme":"file"},{"language":"sql","scheme":"sqltools"}]
    ns: "lc"
[1707263326260] INFO  (ext): loading plugins...
[1707263326260] INFO  (ext): registering Formatter Plugin.
    plugin: {
      "name": "Formatter Plugin"
    }
[1707263326262] INFO  (ext): registering Connection Manager Plugin.
    plugin: {
      "name": "Connection Manager Plugin"
    }
[1707263326262] INFO  (ext): registering CodeLens Plugin.
    plugin: {
      "name": "CodeLens Plugin",
      "registeredLanguages": []
    }
[1707263326263] INFO  (ext): registering Dependency Manager Plugin.
    plugin: {
      "name": "Dependency Manager Plugin",
      "installingDrivers": []
    }
[1707263326265] INFO  (ext): Connection explorer changed. Will be updated.
    ns: "conn-man:explorer"
[1707263326266] INFO  (ext): registering History Manager Plugin.
    plugin: {
      "name": "History Manager Plugin"
    }
[1707263326266] INFO  (ext): registering Bookmarks Manager Plugin.
    plugin: {
      "name": "Bookmarks Manager Plugin"
    }
[1707263326266] INFO  (ext): registering Authentication Provider Plugin.
    plugin: {
      "name": "Authentication Provider Plugin",
      "isRegistered": false
    }
[1707263326266] INFO  (ext): registering Object Drop-in Provider (plugin).
    plugin: {
      "type": "plugin",
      "name": "Object Drop-in Provider",
      "isRegistered": false
    }
[1707263326268] INFO  (ext): SQLTools activation completed. 15.308841 ms
[1707263326268] INFO  (ext): Formatter Plugin registered!
[1707263326268] INFO  (ext): CodeLens Plugin registered!
[1707263326268] INFO  (ext): Dependency Manager Plugin registered!
[1707263326268] INFO  (ext): Connection Manager Plugin registered!
[1707263326268] INFO  (ext): History Manager Plugin registered!
[1707263326268] INFO  (ext): Bookmarks Manager Plugin registered!
[1707263326268] INFO  (ext): Authentication Provider Plugin registered!
[1707263326268] INFO  (ext): Object Drop-in Provider (plugin) registered!
[1707263326575] INFO  (ls): SQLTools Server started!
===============================
Using node runtime?: no
ExecPath: /opt/visual-studio-code-insiders/code-insiders 
===============================
[1707263326902] INFO  (ext): LanguageClient ready
    ns: "lc"
[1707263326901] INFO  (ls): Initialized with node version:v18.17.1
[1707263327281] INFO  (ext): EXECUTING COMMAND => sqltools.refreshTree
[1707263327281] INFO  (ext): Connection explorer changed. Will be updated.
    ns: "conn-man:explorer"
[1707263328265] INFO  (ext): Connection explorer changed. Will be updated.
    ns: "conn-man:explorer"
[1707263414993] INFO  (ext): Connection explorer changed. Will be updated.
    ns: "conn-man:explorer"
[1707263493783] INFO  (ext): Connection explorer changed. Will be updated.
    ns: "conn-man:explorer"
[1707263528137] INFO  (ext): Connection explorer changed. Will be updated.
    ns: "conn-man:explorer"
[1707263528383] INFO  (ext): Connection explorer changed. Will be updated.
    ns: "conn-man:explorer"
[1707264234943] INFO  (ext): Connection explorer changed. Will be updated.
    ns: "conn-man:explorer"
[1707265719151] INFO  (ext): Connection explorer changed. Will be updated.
    ns: "conn-man:explorer"
