[1707254865223] INFO  (ext): SQLTools is starting
[1707254865223] INFO  (ext): initializing language client...
[1707254865224] INFO  (ext): Registering client for languages [{"scheme":"sqltools"},{"language":"sql","scheme":"untitled"},{"language":"sql","scheme":"file"},{"language":"sql","scheme":"sqltools"}]
    ns: "lc"
[1707254865226] INFO  (ext): loading plugins...
[1707254865226] INFO  (ext): registering Formatter Plugin.
    plugin: {
      "name": "Formatter Plugin"
    }
[1707254865226] INFO  (ext): registering Connection Manager Plugin.
    plugin: {
      "name": "Connection Manager Plugin"
    }
[1707254865226] INFO  (ext): registering CodeLens Plugin.
    plugin: {
      "name": "CodeLens Plugin",
      "registeredLanguages": []
    }
[1707254865227] INFO  (ext): registering Dependency Manager Plugin.
    plugin: {
      "name": "Dependency Manager Plugin",
      "installingDrivers": []
    }
[1707254865228] INFO  (ext): Connection explorer changed. Will be updated.
    ns: "conn-man:explorer"
[1707254865228] INFO  (ext): registering History Manager Plugin.
    plugin: {
      "name": "History Manager Plugin"
    }
[1707254865228] INFO  (ext): registering Bookmarks Manager Plugin.
    plugin: {
      "name": "Bookmarks Manager Plugin"
    }
[1707254865229] INFO  (ext): registering Authentication Provider Plugin.
    plugin: {
      "name": "Authentication Provider Plugin",
      "isRegistered": false
    }
[1707254865229] INFO  (ext): registering Object Drop-in Provider (plugin).
    plugin: {
      "type": "plugin",
      "name": "Object Drop-in Provider",
      "isRegistered": false
    }
[1707254865232] INFO  (ext): SQLTools activation completed. 9.139087 ms
[1707254865232] INFO  (ext): Formatter Plugin registered!
[1707254865232] INFO  (ext): CodeLens Plugin registered!
[1707254865232] INFO  (ext): Dependency Manager Plugin registered!
[1707254865232] INFO  (ext): Connection Manager Plugin registered!
[1707254865232] INFO  (ext): History Manager Plugin registered!
[1707254865232] INFO  (ext): Bookmarks Manager Plugin registered!
[1707254865232] INFO  (ext): Authentication Provider Plugin registered!
[1707254865232] INFO  (ext): Object Drop-in Provider (plugin) registered!
[1707254865438] INFO  (ls): SQLTools Server started!
===============================
Using node runtime?: no
ExecPath: /opt/visual-studio-code-insiders/code-insiders 
===============================
[1707254865441] INFO  (ext): LanguageClient ready
    ns: "lc"
[1707254865441] INFO  (ls): Initialized with node version:v18.17.1
[1707254866233] INFO  (ext): EXECUTING COMMAND => sqltools.refreshTree
[1707254866233] INFO  (ext): Connection explorer changed. Will be updated.
    ns: "conn-man:explorer"
[1707254867229] INFO  (ext): Connection explorer changed. Will be updated.
    ns: "conn-man:explorer"
[1707254870531] INFO  (ext): Connection explorer changed. Will be updated.
    ns: "conn-man:explorer"
