2024-02-07 01:48:44.979 [info] Added views:workbench.panel.markers.view in workbench.panel.markers
2024-02-07 01:48:44.979 [info] Added views:workbench.panel.output in workbench.panel.output
2024-02-07 01:48:44.979 [info] Added views:terminal in terminal
2024-02-07 01:48:44.979 [info] Added views:outline in workbench.view.explorer
2024-02-07 01:48:44.979 [info] Added views:workbench.scm in workbench.view.scm
2024-02-07 01:48:44.979 [info] Added views:workbench.view.search in workbench.view.search
2024-02-07 01:48:44.979 [info] Added views:timeline in workbench.view.explorer
2024-02-07 01:48:44.979 [info] Added views:workbench.explorer.fileView in workbench.view.explorer
2024-02-07 01:48:45.184 [info] Added views:workbench.debug.welcome in workbench.view.debug
2024-02-07 01:48:45.322 [info] Added views:sshfs-configs,sshfs-connections in workbench.view.extension.sshfs
2024-02-07 01:48:45.322 [info] Added views:targetsContainers,devVolumes in workbench.view.remote
2024-02-07 01:48:45.323 [info] Added views:PowerShellCommands in workbench.view.extension.PowerShell
2024-02-07 01:48:45.323 [info] Added views:remoteTargets in workbench.view.remote
2024-02-07 01:48:45.323 [info] Added views:remoteHub.views.workspaceRepositories in workbench.view.remote
2024-02-07 01:48:45.323 [info] Added views:sqltoolsViewConnectionExplorer,sqltoolsViewBookmarksExplorer,sqltoolsViewHistoryExplorer in workbench.view.extension.sqltoolsActivityBarContainer
2024-02-07 01:48:45.324 [info] Added views:sqltoolsViewConsoleMessages in workbench.view.extension.sqltoolsPanelContainer
2024-02-07 01:48:45.591 [info] Added views:workbench.panel.repl.view in workbench.panel.repl
2024-02-07 01:48:46.380 [info] Added views:~remote.forwardedPorts in ~remote.forwardedPortsContainer
2024-02-07 01:48:47.052 [info] Added views:petsView in workbench.view.explorer
2024-02-07 01:51:06.438 [info] Added views:workbench.views.extensions.installed,workbench.views.extensions.popular,extensions.recommendedList in workbench.view.extensions
2024-02-07 01:51:06.447 [info] Removed views:workbench.views.extensions.popular from workbench.view.extensions
