2024-02-06 20:39:47.602 [info] Added views:workbench.panel.markers.view in workbench.panel.markers
2024-02-06 20:39:47.602 [info] Added views:workbench.panel.output in workbench.panel.output
2024-02-06 20:39:47.602 [info] Added views:terminal in terminal
2024-02-06 20:39:47.602 [info] Added views:outline in workbench.view.explorer
2024-02-06 20:39:47.602 [info] Added views:workbench.scm in workbench.view.scm
2024-02-06 20:39:47.602 [info] Added views:workbench.view.search in workbench.view.search
2024-02-06 20:39:47.602 [info] Added views:timeline in workbench.view.explorer
2024-02-06 20:39:47.602 [info] Added views:workbench.explorer.fileView in workbench.view.explorer
2024-02-06 20:39:47.996 [info] Added views:sshfs-configs,sshfs-connections in workbench.view.extension.sshfs
2024-02-06 20:39:47.997 [info] Added views:targetsContainers,devVolumes in workbench.view.remote
2024-02-06 20:39:47.997 [info] Added views:remoteTargets in workbench.view.remote
2024-02-06 20:39:47.997 [info] Added views:remoteHub.views.workspaceRepositories in workbench.view.remote
2024-02-06 20:39:48.204 [info] Added views:workbench.debug.variablesView,workbench.debug.watchExpressionsView,workbench.debug.callStackView,workbench.debug.breakPointsView in workbench.view.debug
2024-02-06 20:39:48.248 [info] Added views:workbench.panel.repl.view in workbench.panel.repl
2024-02-06 20:39:48.249 [info] Removed views:workbench.debug.breakPointsView,workbench.debug.callStackView,workbench.debug.watchExpressionsView,workbench.debug.variablesView from workbench.view.debug
2024-02-06 20:39:48.249 [info] Added views:workbench.debug.welcome in workbench.view.debug
2024-02-06 20:39:48.395 [info] Added views:~remote.forwardedPorts in ~remote.forwardedPortsContainer
2024-02-06 20:39:53.627 [info] Added views:PowerShellCommands in workbench.view.extension.PowerShell
2024-02-06 20:39:53.630 [info] Added views:sqltoolsViewConnectionExplorer,sqltoolsViewBookmarksExplorer,sqltoolsViewHistoryExplorer in workbench.view.extension.sqltoolsActivityBarContainer
2024-02-06 20:39:53.631 [info] Added views:sqltoolsViewConsoleMessages in workbench.view.extension.sqltoolsPanelContainer
2024-02-06 20:39:53.974 [info] Added views:petsView in workbench.view.explorer
2024-02-06 20:58:03.174 [info] Added views:workbench.views.extensions.installed,workbench.views.extensions.popular,extensions.recommendedList in workbench.view.extensions
2024-02-06 20:58:03.181 [info] Removed views:workbench.views.extensions.popular from workbench.view.extensions
2024-02-06 20:58:05.757 [info] Added views:workbench.panel.markers.view in workbench.panel.markers
2024-02-06 20:58:05.757 [info] Added views:workbench.panel.output in workbench.panel.output
2024-02-06 20:58:05.757 [info] Added views:terminal in terminal
2024-02-06 20:58:05.757 [info] Added views:outline in workbench.view.explorer
2024-02-06 20:58:05.757 [info] Added views:workbench.scm in workbench.view.scm
2024-02-06 20:58:05.757 [info] Added views:workbench.view.search in workbench.view.search
2024-02-06 20:58:05.757 [info] Added views:timeline in workbench.view.explorer
2024-02-06 20:58:05.757 [info] Added views:workbench.explorer.fileView in workbench.view.explorer
2024-02-06 20:58:05.904 [info] Added views:workbench.debug.welcome in workbench.view.debug
2024-02-06 20:58:06.228 [info] Added views:sshfs-configs,sshfs-connections in workbench.view.extension.sshfs
2024-02-06 20:58:06.228 [info] Added views:targetsContainers,devVolumes in workbench.view.remote
2024-02-06 20:58:06.229 [info] Added views:PowerShellCommands in workbench.view.extension.PowerShell
2024-02-06 20:58:06.229 [info] Added views:remoteTargets in workbench.view.remote
2024-02-06 20:58:06.229 [info] Added views:remoteHub.views.workspaceRepositories in workbench.view.remote
2024-02-06 20:58:06.229 [info] Added views:sqltoolsViewConnectionExplorer,sqltoolsViewBookmarksExplorer,sqltoolsViewHistoryExplorer in workbench.view.extension.sqltoolsActivityBarContainer
2024-02-06 20:58:06.230 [info] Added views:sqltoolsViewConsoleMessages in workbench.view.extension.sqltoolsPanelContainer
2024-02-06 20:58:06.481 [info] Added views:workbench.panel.repl.view in workbench.panel.repl
2024-02-06 20:58:07.074 [info] Added views:~remote.forwardedPorts in ~remote.forwardedPortsContainer
2024-02-06 20:58:07.167 [info] Added views:workbench.views.extensions.installed,extensions.recommendedList in workbench.view.extensions
2024-02-06 20:58:07.919 [info] Added views:petsView in workbench.view.explorer
2024-02-06 20:58:31.686 [info] Removed views:extensions.recommendedList,workbench.views.extensions.installed from workbench.view.extensions
2024-02-06 20:58:31.695 [info] Added views:workbench.views.extensions.marketplace in workbench.view.extensions
