2024-02-07 13:29:25.555 [info] Extension host with pid 8008 started
2024-02-07 13:29:25.692 [info] ExtensionService#_doActivateExtension GrapeCity.gc-excelviewer, startup: false, activationEvent: 'onLanguage:plaintext'
2024-02-07 13:29:25.694 [info] ExtensionService#_doActivateExtension vscode.emmet, startup: false, activationEvent: 'onLanguage'
2024-02-07 13:29:25.721 [info] ExtensionService#_doActivateExtension vscode.git-base, startup: true, activationEvent: '*'
2024-02-07 13:29:25.722 [info] ExtensionService#_doActivateExtension naumovs.color-highlight, startup: true, activationEvent: '*'
2024-02-07 13:29:25.725 [info] ExtensionService#_doActivateExtension WallabyJs.quokka-vscode, startup: true, activationEvent: '*'
2024-02-07 13:29:25.798 [info] ExtensionService#_doActivateExtension vscode.github, startup: true, activationEvent: '*'
2024-02-07 13:29:25.813 [info] Eager extensions activated
2024-02-07 13:29:25.825 [info] ExtensionService#_doActivateExtension vscode.debug-auto-launch, startup: false, activationEvent: 'onStartupFinished'
2024-02-07 13:29:25.826 [info] ExtensionService#_doActivateExtension vscode.merge-conflict, startup: false, activationEvent: 'onStartupFinished'
2024-02-07 13:29:25.830 [info] ExtensionService#_doActivateExtension Catppuccin.catppuccin-vsc, startup: false, activationEvent: 'onStartupFinished'
2024-02-07 13:29:25.832 [info] ExtensionService#_doActivateExtension dsznajder.es7-react-js-snippets, startup: false, activationEvent: 'onStartupFinished'
2024-02-07 13:29:25.953 [info] ExtensionService#_doActivateExtension esbenp.prettier-vscode, startup: false, activationEvent: 'onStartupFinished'
2024-02-07 13:29:25.971 [info] ExtensionService#_doActivateExtension ms-vscode-remote.remote-containers, startup: false, activationEvent: 'onStartupFinished'
2024-02-07 13:29:25.999 [info] ExtensionService#_doActivateExtension ms-vscode-remote.remote-wsl, startup: false, activationEvent: 'onStartupFinished'
2024-02-07 13:29:26.010 [info] ExtensionService#_doActivateExtension vscode-icons-team.vscode-icons, startup: false, activationEvent: 'onStartupFinished'
2024-02-07 13:29:26.023 [info] ExtensionService#_doActivateExtension zhuangtongfa.material-theme, startup: false, activationEvent: 'onStartupFinished'
2024-02-07 13:29:26.036 [info] ExtensionService#_doActivateExtension vscode.microsoft-authentication, startup: false, activationEvent: 'onAuthenticationRequest:microsoft'
2024-02-07 13:29:27.083 [info] ExtensionService#_doActivateExtension vscode.json-language-features, startup: false, activationEvent: 'onLanguage:jsonc'
2024-02-07 13:29:27.096 [info] ExtensionService#_doActivateExtension vscode.typescript-language-features, startup: false, activationEvent: 'onLanguage:jsonc'
2024-02-07 13:29:29.977 [info] Extension host terminating: renderer closed the MessagePort
2024-02-07 13:29:29.992 [error] Canceled: Canceled
	at new d (/opt/visual-studio-code-insiders/resources/app/out/vs/workbench/api/node/extensionHostProcess.js:140:45184)
	at f.U (/opt/visual-studio-code-insiders/resources/app/out/vs/workbench/api/node/extensionHostProcess.js:147:5556)
	at j.<computed>.T.charCodeAt.j.<computed> (/opt/visual-studio-code-insiders/resources/app/out/vs/workbench/api/node/extensionHostProcess.js:147:3007)
	at s.g (/opt/visual-studio-code-insiders/resources/app/out/vs/workbench/api/node/extensionHostProcess.js:150:174426)
	at s.executeCommand (/opt/visual-studio-code-insiders/resources/app/out/vs/workbench/api/node/extensionHostProcess.js:150:173864)
	at g.registerCommand.description (/opt/visual-studio-code-insiders/resources/app/out/vs/workbench/api/node/extensionHostProcess.js:150:173188)
	at s.h (/opt/visual-studio-code-insiders/resources/app/out/vs/workbench/api/node/extensionHostProcess.js:150:174965)
	at s.g (/opt/visual-studio-code-insiders/resources/app/out/vs/workbench/api/node/extensionHostProcess.js:150:173957)
	at s.executeCommand (/opt/visual-studio-code-insiders/resources/app/out/vs/workbench/api/node/extensionHostProcess.js:150:173864)
	at Object.executeCommand (/opt/visual-studio-code-insiders/resources/app/out/vs/workbench/api/node/extensionHostProcess.js:160:21650)
	at Object.dispose (/home/btngana/.vscode-insiders/extensions/wallabyjs.quokka-vscode-1.0.625/dist/index.js:6:77986)
	at /home/btngana/.vscode-insiders/extensions/wallabyjs.quokka-vscode-1.0.625/dist/index.js:6:11944
	at Array.forEach (<anonymous>)
	at t.exports.dispose (/home/btngana/.vscode-insiders/extensions/wallabyjs.quokka-vscode-1.0.625/dist/index.js:6:11931)
	at I.deactivate (/home/btngana/.vscode-insiders/extensions/wallabyjs.quokka-vscode-1.0.625/dist/index.js:6:79253)
	at Object.dispose (/home/btngana/.vscode-insiders/extensions/wallabyjs.quokka-vscode-1.0.625/dist/index.js:6:1420)
	at /home/btngana/.vscode-insiders/extensions/wallabyjs.quokka-vscode-1.0.625/dist/index.js:6:11944
	at Array.forEach (<anonymous>)
	at t.exports.dispose (/home/btngana/.vscode-insiders/extensions/wallabyjs.quokka-vscode-1.0.625/dist/index.js:6:11931)
	at d.deactivate (/home/btngana/.vscode-insiders/extensions/wallabyjs.quokka-vscode-1.0.625/dist/index.js:6:1605)
	at Object.dispose (/home/btngana/.vscode-insiders/extensions/wallabyjs.quokka-vscode-1.0.625/dist/index.js:6:1680)
	at a (/opt/visual-studio-code-insiders/resources/app/out/vs/workbench/api/node/extensionHostProcess.js:30:754)
	at m.cb (/opt/visual-studio-code-insiders/resources/app/out/vs/workbench/api/node/extensionHostProcess.js:156:9877)
	at /opt/visual-studio-code-insiders/resources/app/out/vs/workbench/api/node/extensionHostProcess.js:156:7812
	at Array.map (<anonymous>)
	at m.Y (/opt/visual-studio-code-insiders/resources/app/out/vs/workbench/api/node/extensionHostProcess.js:156:7799)
	at m.terminate (/opt/visual-studio-code-insiders/resources/app/out/vs/workbench/api/node/extensionHostProcess.js:156:8072)
	at a.terminate (/opt/visual-studio-code-insiders/resources/app/out/vs/workbench/api/node/extensionHostProcess.js:160:1513)
	at t (/opt/visual-studio-code-insiders/resources/app/out/vs/workbench/api/node/extensionHostProcess.js:173:9946)
	at MessagePortMain.<anonymous> (/opt/visual-studio-code-insiders/resources/app/out/vs/workbench/api/node/extensionHostProcess.js:173:6371)
	at MessagePortMain.emit (node:events:514:28)
	at Object.emit (node:electron/js2c/utility_init:2:2285) setContext undefined
2024-02-07 13:29:29.994 [info] Extension host with pid 8008 exiting with code 0
