    OpenRGB v0.9
    Commit: 11a4eac71fdeb90356b4e68249723fc97af3d110 from 2023-07-10 05:52:54 -0500
    Launched: 20230830_042356
====================================================================================================

1001  |Info:    Saving detector settings
1002  |Info:    ------------------------------------------------------
1002  |Info:    |               Start device detection               |
1002  |Info:    ------------------------------------------------------
1002  |Info:    Initializing HID interfaces: Success
1007  |Info:    ------------------------------------------------------
1007  |Info:    |             Detecting I2C interfaces               |
1007  |Info:    ------------------------------------------------------
1009  |Info:    Registering I2C interface: /dev/i2c-3 Device 10DE:1F08 Subsystem: 1462:3752
1009  |Info:    Registering I2C interface: /dev/i2c-1 Device 10DE:1F08 Subsystem: 1462:3752
1009  |Info:    Registering I2C interface: /dev/i2c-6 Device 8086:A323 Subsystem: 1462:7B23
1010  |Info:    Registering I2C interface: /dev/i2c-4 Device 10DE:1F08 Subsystem: 1462:3752
1010  |Info:    Registering I2C interface: /dev/i2c-2 Device 10DE:1F08 Subsystem: 1462:3752
1010  |Info:    Registering I2C interface: /dev/i2c-0 Device 10DE:1F08 Subsystem: 1462:3752
1010  |Info:    Registering I2C interface: /dev/i2c-5 Device 10DE:1ADB Subsystem: 1462:3752
1010  |Info:    ------------------------------------------------------
1010  |Info:    |               Detecting I2C devices                |
1010  |Info:    ------------------------------------------------------
1368  |Info:    ------------------------------------------------------
1368  |Info:    |               Detecting I2C PCI devices            |
1368  |Info:    ------------------------------------------------------
1378  |Info:    [MSI GeForce RTX 2060 Gaming Z 6G] Registering RGB controller
1378  |Info:    ------------------------------------------------------
1379  |Info:    |               Detecting HID devices                |
1379  |Info:    ------------------------------------------------------
1389  |Info:    [Razer Basilisk V2] Registering RGB controller
2458  |Info:    [Corsair K55 RGB] Registering RGB controller
2458  |Info:    ------------------------------------------------------
2458  |Info:    |            Detecting libusb HID devices            |
2458  |Info:    ------------------------------------------------------
2473  |Info:    ------------------------------------------------------
2473  |Info:    |              Detecting other devices               |
2473  |Info:    ------------------------------------------------------
2478  |Info:    ------------------------------------------------------
2478  |Info:    |                Detection completed                 |
2478  |Info:    ------------------------------------------------------
315280|Info:    ------------------------------------------------------
315280|Info:    |               Start device detection               |
315280|Info:    ------------------------------------------------------
315280|Info:    Initializing HID interfaces: Success
315283|Info:    ------------------------------------------------------
315283|Info:    |             Detecting I2C interfaces               |
315283|Info:    ------------------------------------------------------
315284|Info:    Registering I2C interface: /dev/i2c-3 Device 10DE:1F08 Subsystem: 1462:3752
315284|Info:    Registering I2C interface: /dev/i2c-1 Device 10DE:1F08 Subsystem: 1462:3752
315284|Info:    Registering I2C interface: /dev/i2c-6 Device 8086:A323 Subsystem: 1462:7B23
315284|Info:    Registering I2C interface: /dev/i2c-4 Device 10DE:1F08 Subsystem: 1462:3752
315284|Info:    Registering I2C interface: /dev/i2c-2 Device 10DE:1F08 Subsystem: 1462:3752
315284|Info:    Registering I2C interface: /dev/i2c-0 Device 10DE:1F08 Subsystem: 1462:3752
315284|Info:    Registering I2C interface: /dev/i2c-5 Device 10DE:1ADB Subsystem: 1462:3752
315284|Info:    ------------------------------------------------------
315284|Info:    |               Detecting I2C devices                |
315284|Info:    ------------------------------------------------------
315646|Info:    ------------------------------------------------------
315646|Info:    |               Detecting I2C PCI devices            |
315646|Info:    ------------------------------------------------------
315656|Info:    [MSI GeForce RTX 2060 Gaming Z 6G] Registering RGB controller
315656|Info:    ------------------------------------------------------
315656|Info:    |               Detecting HID devices                |
315656|Info:    ------------------------------------------------------
315667|Info:    [Razer Basilisk V2] Registering RGB controller
316735|Info:    [Corsair K55 RGB] Registering RGB controller
316735|Info:    ------------------------------------------------------
316735|Info:    |            Detecting libusb HID devices            |
316735|Info:    ------------------------------------------------------
316745|Info:    ------------------------------------------------------
316745|Info:    |              Detecting other devices               |
316745|Info:    ------------------------------------------------------
316746|Info:    ------------------------------------------------------
316746|Info:    |                Detection completed                 |
316746|Info:    ------------------------------------------------------
