[1707244793957] INFO  (ext): SQLTools is starting
[1707244793957] INFO  (ext): initializing language client...
[1707244793958] INFO  (ext): Registering client for languages [{"scheme":"sqltools"},{"language":"sql","scheme":"untitled"},{"language":"sql","scheme":"file"},{"language":"sql","scheme":"sqltools"}]
    ns: "lc"
[1707244793959] INFO  (ext): loading plugins...
[1707244793959] INFO  (ext): registering Formatter Plugin.
    plugin: {
      "name": "Formatter Plugin"
    }
[1707244793960] INFO  (ext): registering Connection Manager Plugin.
    plugin: {
      "name": "Connection Manager Plugin"
    }
[1707244793960] INFO  (ext): registering CodeLens Plugin.
    plugin: {
      "name": "CodeLens Plugin",
      "registeredLanguages": []
    }
[1707244793960] INFO  (ext): registering Dependency Manager Plugin.
    plugin: {
      "name": "Dependency Manager Plugin",
      "installingDrivers": []
    }
[1707244793962] INFO  (ext): Connection explorer changed. Will be updated.
    ns: "conn-man:explorer"
[1707244793962] INFO  (ext): registering History Manager Plugin.
    plugin: {
      "name": "History Manager Plugin"
    }
[1707244793962] INFO  (ext): registering Bookmarks Manager Plugin.
    plugin: {
      "name": "Bookmarks Manager Plugin"
    }
[1707244793963] INFO  (ext): registering Authentication Provider Plugin.
    plugin: {
      "name": "Authentication Provider Plugin",
      "isRegistered": false
    }
[1707244793963] INFO  (ext): registering Object Drop-in Provider (plugin).
    plugin: {
      "type": "plugin",
      "name": "Object Drop-in Provider",
      "isRegistered": false
    }
[1707244793966] INFO  (ext): SQLTools activation completed. 9.536047 ms
[1707244793966] INFO  (ext): Formatter Plugin registered!
[1707244793966] INFO  (ext): CodeLens Plugin registered!
[1707244793966] INFO  (ext): Dependency Manager Plugin registered!
[1707244793966] INFO  (ext): Connection Manager Plugin registered!
[1707244793966] INFO  (ext): History Manager Plugin registered!
[1707244793966] INFO  (ext): Bookmarks Manager Plugin registered!
[1707244793966] INFO  (ext): Authentication Provider Plugin registered!
[1707244793966] INFO  (ext): Object Drop-in Provider (plugin) registered!
[1707244794176] INFO  (ls): SQLTools Server started!
===============================
Using node runtime?: no
ExecPath: /opt/visual-studio-code-insiders/code-insiders 
===============================
[1707244794180] INFO  (ext): LanguageClient ready
    ns: "lc"
[1707244794179] INFO  (ls): Initialized with node version:v18.17.1
[1707244794967] INFO  (ext): EXECUTING COMMAND => sqltools.refreshTree
[1707244794967] INFO  (ext): Connection explorer changed. Will be updated.
    ns: "conn-man:explorer"
[1707244795963] INFO  (ext): Connection explorer changed. Will be updated.
    ns: "conn-man:explorer"
[1707244796717] INFO  (ext): Connection explorer changed. Will be updated.
    ns: "conn-man:explorer"
[1707244797378] INFO  (ext): Connection explorer changed. Will be updated.
    ns: "conn-man:explorer"
[1707245254856] INFO  (ext): Connection explorer changed. Will be updated.
    ns: "conn-man:explorer"
[1707245255768] INFO  (ext): Connection explorer changed. Will be updated.
    ns: "conn-man:explorer"
[1707245277012] INFO  (ext): Connection explorer changed. Will be updated.
    ns: "conn-man:explorer"
[1707245278653] INFO  (ext): Connection explorer changed. Will be updated.
    ns: "conn-man:explorer"
[1707245326311] INFO  (ext): Connection explorer changed. Will be updated.
    ns: "conn-man:explorer"
[1707245553943] INFO  (ext): Connection explorer changed. Will be updated.
    ns: "conn-man:explorer"
[1707245563771] INFO  (ext): Connection explorer changed. Will be updated.
    ns: "conn-man:explorer"
