2024-02-07 01:48:45.441 [info] Extension host with pid 133423 started
2024-02-07 01:48:45.441 [info] Skipping acquiring lock for /home/btngana/.config/Code - Insiders/User/workspaceStorage/d62acd5e84ff7a295ad3f83ad9fa85d0.
2024-02-07 01:48:45.590 [info] ExtensionService#_doActivateExtension GrapeCity.gc-excelviewer, startup: false, activationEvent: 'onLanguage:plaintext'
2024-02-07 01:48:45.595 [info] ExtensionService#_doActivateExtension vscode.emmet, startup: false, activationEvent: 'onLanguage'
2024-02-07 01:48:45.603 [info] ExtensionService#_doActivateExtension ms-vscode.cpptools, startup: false, activationEvent: 'onLanguage:cpp'
2024-02-07 01:48:46.192 [info] ExtensionService#_doActivateExtension vscode.git-base, startup: true, activationEvent: '*', root cause: vscode.git
2024-02-07 01:48:46.193 [info] ExtensionService#_doActivateExtension mtxr.sqltools, startup: true, activationEvent: '*'
2024-02-07 01:48:46.209 [info] ExtensionService#_doActivateExtension naumovs.color-highlight, startup: true, activationEvent: '*'
2024-02-07 01:48:46.212 [info] ExtensionService#_doActivateExtension WallabyJs.quokka-vscode, startup: true, activationEvent: '*'
2024-02-07 01:48:46.371 [info] ExtensionService#_doActivateExtension vscode.git, startup: true, activationEvent: '*'
2024-02-07 01:48:46.393 [info] ExtensionService#_doActivateExtension vscode.github, startup: true, activationEvent: '*'
2024-02-07 01:48:46.531 [info] Eager extensions activated
2024-02-07 01:48:46.640 [info] ExtensionService#_doActivateExtension vscode.microsoft-authentication, startup: false, activationEvent: 'onAuthenticationRequest:microsoft'
2024-02-07 01:48:46.656 [info] ExtensionService#_doActivateExtension vscode.debug-auto-launch, startup: false, activationEvent: 'onStartupFinished'
2024-02-07 01:48:46.657 [info] ExtensionService#_doActivateExtension vscode.merge-conflict, startup: false, activationEvent: 'onStartupFinished'
2024-02-07 01:48:46.662 [info] ExtensionService#_doActivateExtension Catppuccin.catppuccin-vsc, startup: false, activationEvent: 'onStartupFinished'
2024-02-07 01:48:46.664 [info] ExtensionService#_doActivateExtension dbaeumer.vscode-eslint, startup: false, activationEvent: 'onStartupFinished'
2024-02-07 01:48:46.672 [info] ExtensionService#_doActivateExtension dsznajder.es7-react-js-snippets, startup: false, activationEvent: 'onStartupFinished'
2024-02-07 01:48:46.794 [info] ExtensionService#_doActivateExtension esbenp.prettier-vscode, startup: false, activationEvent: 'onStartupFinished'
2024-02-07 01:48:46.811 [info] ExtensionService#_doActivateExtension formulahendry.code-runner, startup: false, activationEvent: 'onStartupFinished'
2024-02-07 01:48:46.825 [info] ExtensionService#_doActivateExtension LeonardSSH.vscord, startup: false, activationEvent: 'onStartupFinished'
2024-02-07 01:48:46.833 [info] ExtensionService#_doActivateExtension ms-vscode-remote.remote-containers, startup: false, activationEvent: 'onStartupFinished'
2024-02-07 01:48:46.863 [info] ExtensionService#_doActivateExtension ms-vscode-remote.remote-wsl, startup: false, activationEvent: 'onStartupFinished'
2024-02-07 01:48:46.869 [info] ExtensionService#_doActivateExtension tonybaloney.vscode-pets, startup: false, activationEvent: 'onStartupFinished'
2024-02-07 01:48:46.876 [info] ExtensionService#_doActivateExtension usernamehw.errorlens, startup: false, activationEvent: 'onStartupFinished'
2024-02-07 01:48:46.877 [info] ExtensionService#_doActivateExtension vscode-icons-team.vscode-icons, startup: false, activationEvent: 'onStartupFinished'
2024-02-07 01:51:33.867 [info] ExtensionService#_doActivateExtension vscode.html-language-features, startup: false, activationEvent: 'onLanguage:html'
2024-02-07 01:51:33.915 [info] ExtensionService#_doActivateExtension hex-ci.stylelint-plus, startup: false, activationEvent: 'onLanguage:html'
2024-02-07 01:52:08.162 [info] ExtensionService#_doActivateExtension vscode.json-language-features, startup: false, activationEvent: 'onLanguage:snippets'
2024-02-07 01:52:08.387 [info] ExtensionService#_doActivateExtension vscode.typescript-language-features, startup: false, activationEvent: 'onLanguage:jsonc'
2024-02-07 02:03:54.982 [info] ExtensionService#_doActivateExtension bmalehorn.vscode-fish, startup: false, activationEvent: 'onLanguage:fish'
2024-02-07 02:05:13.528 [info] ExtensionService#_doActivateExtension vscode.npm, startup: false, activationEvent: 'onTerminalQuickFixRequest:ms-vscode.npm-command'
2024-02-07 02:28:41.707 [info] Extension host terminating: renderer closed the MessagePort
2024-02-07 02:28:41.753 [error] Canceled: Canceled
    at new d (/opt/visual-studio-code-insiders/resources/app/out/vs/workbench/api/node/extensionHostProcess.js:140:45184)
    at f.U (/opt/visual-studio-code-insiders/resources/app/out/vs/workbench/api/node/extensionHostProcess.js:147:5556)
    at Proxy.j.<computed>.T.charCodeAt.j.<computed> (/opt/visual-studio-code-insiders/resources/app/out/vs/workbench/api/node/extensionHostProcess.js:147:3007)
    at s.g (/opt/visual-studio-code-insiders/resources/app/out/vs/workbench/api/node/extensionHostProcess.js:150:174426)
    at s.executeCommand (/opt/visual-studio-code-insiders/resources/app/out/vs/workbench/api/node/extensionHostProcess.js:150:173864)
    at g.registerCommand.description (/opt/visual-studio-code-insiders/resources/app/out/vs/workbench/api/node/extensionHostProcess.js:150:173188)
    at s.h (/opt/visual-studio-code-insiders/resources/app/out/vs/workbench/api/node/extensionHostProcess.js:150:174965)
    at s.g (/opt/visual-studio-code-insiders/resources/app/out/vs/workbench/api/node/extensionHostProcess.js:150:173957)
    at s.executeCommand (/opt/visual-studio-code-insiders/resources/app/out/vs/workbench/api/node/extensionHostProcess.js:150:173864)
    at Object.executeCommand (/opt/visual-studio-code-insiders/resources/app/out/vs/workbench/api/node/extensionHostProcess.js:160:21650)
    at Object.dispose (/home/btngana/.vscode-insiders/extensions/wallabyjs.quokka-vscode-1.0.625/dist/index.js:6:77986)
    at /home/btngana/.vscode-insiders/extensions/wallabyjs.quokka-vscode-1.0.625/dist/index.js:6:11944
    at Array.forEach (<anonymous>)
    at t.exports.dispose (/home/btngana/.vscode-insiders/extensions/wallabyjs.quokka-vscode-1.0.625/dist/index.js:6:11931)
    at I.deactivate (/home/btngana/.vscode-insiders/extensions/wallabyjs.quokka-vscode-1.0.625/dist/index.js:6:79253)
    at Object.dispose (/home/btngana/.vscode-insiders/extensions/wallabyjs.quokka-vscode-1.0.625/dist/index.js:6:1420)
    at /home/btngana/.vscode-insiders/extensions/wallabyjs.quokka-vscode-1.0.625/dist/index.js:6:11944
    at Array.forEach (<anonymous>)
    at t.exports.dispose (/home/btngana/.vscode-insiders/extensions/wallabyjs.quokka-vscode-1.0.625/dist/index.js:6:11931)
    at deactivate (/home/btngana/.vscode-insiders/extensions/wallabyjs.quokka-vscode-1.0.625/dist/index.js:6:1605)
    at Object.dispose (/home/btngana/.vscode-insiders/extensions/wallabyjs.quokka-vscode-1.0.625/dist/index.js:6:1680)
    at a (/opt/visual-studio-code-insiders/resources/app/out/vs/workbench/api/node/extensionHostProcess.js:30:754)
    at m.cb (/opt/visual-studio-code-insiders/resources/app/out/vs/workbench/api/node/extensionHostProcess.js:156:9877)
    at /opt/visual-studio-code-insiders/resources/app/out/vs/workbench/api/node/extensionHostProcess.js:156:7812
    at Array.map (<anonymous>)
    at m.Y (/opt/visual-studio-code-insiders/resources/app/out/vs/workbench/api/node/extensionHostProcess.js:156:7799)
    at m.terminate (/opt/visual-studio-code-insiders/resources/app/out/vs/workbench/api/node/extensionHostProcess.js:156:8072)
    at a.terminate (/opt/visual-studio-code-insiders/resources/app/out/vs/workbench/api/node/extensionHostProcess.js:160:1513)
    at t (/opt/visual-studio-code-insiders/resources/app/out/vs/workbench/api/node/extensionHostProcess.js:173:9946)
    at MessagePortMain.<anonymous> (/opt/visual-studio-code-insiders/resources/app/out/vs/workbench/api/node/extensionHostProcess.js:173:6371)
    at MessagePortMain.emit (node:events:514:28)
    at Object.emit (node:electron/js2c/utility_init:2:2285) setContext undefined
2024-02-07 02:28:41.780 [error] Error: Channel has been closed
    at s (/opt/visual-studio-code-insiders/resources/app/out/vs/workbench/api/node/extensionHostProcess.js:153:2490)
    at Object.appendLine (/opt/visual-studio-code-insiders/resources/app/out/vs/workbench/api/node/extensionHostProcess.js:153:2608)
    at S.logOutputMessage (/opt/visual-studio-code-insiders/resources/app/extensions/html-language-features/client/dist/node/htmlClientMain.js:1:264997)
    at S.error (/opt/visual-studio-code-insiders/resources/app/extensions/html-language-features/client/dist/node/htmlClientMain.js:1:264888)
    at ChildProcess.<anonymous> (/opt/visual-studio-code-insiders/resources/app/extensions/html-language-features/client/dist/node/htmlClientMain.js:1:445877)
    at ChildProcess.emit (node:events:514:28)
    at Process.onexit (node:internal/child_process:291:12)
2024-02-07 02:28:41.859 [info] Extension host with pid 133423 exiting with code 0
