2024-02-07 13:29:25.691 [warning] [cmake-tools]: Couldn't find message for key cmake-tools.configuration.cmake.options.advanced.statusBarVisibility.variant.description.
2024-02-07 13:29:25.726 [warning] [csharp]: Couldn't find message for key configuration.razor.server.trace.
2024-02-07 13:29:25.740 [warning] [csharp]: Couldn't find message for key configuration.razor.server.trace.
2024-02-07 13:29:25.745 [warning] [cmake-tools]: Couldn't find message for key cmake-tools.configuration.cmake.options.advanced.statusBarVisibility.variant.description.
2024-02-07 13:29:25.745 [warning] [cmake-tools]: Couldn't find message for key cmake-tools.configuration.cmake.options.advanced.statusBarVisibility.variant.description.
2024-02-07 13:29:25.747 [warning] [csharp]: Couldn't find message for key configuration.razor.server.trace.
2024-02-07 13:29:25.850 [error] [uncaught exception in sharedProcess]: Event not found: onDidChange: CodeExpectedError: Event not found: onDidChange
    at Object.listen (/opt/visual-studio-code-insiders/resources/app/out/vs/code/node/sharedProcess/sharedProcessMain.js:45:4960)
    at E.t (/opt/visual-studio-code-insiders/resources/app/out/vs/code/node/sharedProcess/sharedProcessMain.js:44:251)
    at E.q (/opt/visual-studio-code-insiders/resources/app/out/vs/code/node/sharedProcess/sharedProcessMain.js:43:4371)
    at y.value (/opt/visual-studio-code-insiders/resources/app/out/vs/code/node/sharedProcess/sharedProcessMain.js:43:3602)
    at d.y (/opt/visual-studio-code-insiders/resources/app/out/vs/code/node/sharedProcess/sharedProcessMain.js:38:1902)
    at d.z (/opt/visual-studio-code-insiders/resources/app/out/vs/code/node/sharedProcess/sharedProcessMain.js:38:1972)
    at d.fire (/opt/visual-studio-code-insiders/resources/app/out/vs/code/node/sharedProcess/sharedProcessMain.js:38:2188)
    at MessagePortMain.fe (/opt/visual-studio-code-insiders/resources/app/out/vs/code/node/sharedProcess/sharedProcessMain.js:36:30382)
    at MessagePortMain.emit (node:events:514:28)
    at Object.emit (node:electron/js2c/utility_init:2:2285)
2024-02-07 13:29:25.874 [warning] [cmake-tools]: Couldn't find message for key cmake-tools.configuration.cmake.options.advanced.statusBarVisibility.variant.description.
2024-02-07 13:29:25.876 [warning] [csharp]: Couldn't find message for key configuration.razor.server.trace.
2024-02-07 13:29:25.983 [warning] [csharp]: Couldn't find message for key configuration.razor.server.trace.
2024-02-07 13:29:25.984 [warning] [cmake-tools]: Couldn't find message for key cmake-tools.configuration.cmake.options.advanced.statusBarVisibility.variant.description.
2024-02-07 13:29:25.989 [warning] [cmake-tools]: Couldn't find message for key cmake-tools.configuration.cmake.options.advanced.statusBarVisibility.variant.description.
2024-02-07 13:29:25.990 [warning] [csharp]: Couldn't find message for key configuration.razor.server.trace.
2024-02-07 13:29:26.147 [warning] [cmake-tools]: Couldn't find message for key cmake-tools.configuration.cmake.options.advanced.statusBarVisibility.variant.description.
2024-02-07 13:29:26.150 [warning] [csharp]: Couldn't find message for key configuration.razor.server.trace.
2024-02-07 13:29:26.210 [warning] [cmake-tools]: Couldn't find message for key cmake-tools.configuration.cmake.options.advanced.statusBarVisibility.variant.description.
2024-02-07 13:29:26.212 [warning] [csharp]: Couldn't find message for key configuration.razor.server.trace.
2024-02-07 13:29:26.218 [warning] [cmake-tools]: Couldn't find message for key cmake-tools.configuration.cmake.options.advanced.statusBarVisibility.variant.description.
2024-02-07 13:29:26.220 [warning] [csharp]: Couldn't find message for key configuration.razor.server.trace.
2024-02-07 13:29:26.258 [warning] [cmake-tools]: Couldn't find message for key cmake-tools.configuration.cmake.options.advanced.statusBarVisibility.variant.description.
2024-02-07 13:29:26.258 [warning] [csharp]: Couldn't find message for key configuration.razor.server.trace.
2024-02-07 13:29:26.488 [warning] [cmake-tools]: Couldn't find message for key cmake-tools.configuration.cmake.options.advanced.statusBarVisibility.variant.description.
2024-02-07 13:29:26.488 [warning] [csharp]: Couldn't find message for key configuration.razor.server.trace.
2024-02-07 13:29:26.536 [info] Deleted uninstalled extension from disk ms-python.debugpy /home/btngana/.vscode-insiders/extensions/ms-python.debugpy-2024.0.0-linux-x64
2024-02-07 13:29:26.616 [warning] [cmake-tools]: Couldn't find message for key cmake-tools.configuration.cmake.options.advanced.statusBarVisibility.variant.description.
2024-02-07 13:29:26.617 [warning] [csharp]: Couldn't find message for key configuration.razor.server.trace.
2024-02-07 13:29:26.756 [warning] [cmake-tools]: Couldn't find message for key cmake-tools.configuration.cmake.options.advanced.statusBarVisibility.variant.description.
2024-02-07 13:29:26.757 [warning] [csharp]: Couldn't find message for key configuration.razor.server.trace.
2024-02-07 13:29:26.876 [warning] [cmake-tools]: Couldn't find message for key cmake-tools.configuration.cmake.options.advanced.statusBarVisibility.variant.description.
2024-02-07 13:29:26.877 [warning] [csharp]: Couldn't find message for key configuration.razor.server.trace.
2024-02-07 13:29:27.005 [warning] [csharp]: Couldn't find message for key configuration.razor.server.trace.
2024-02-07 13:29:27.006 [warning] [cmake-tools]: Couldn't find message for key cmake-tools.configuration.cmake.options.advanced.statusBarVisibility.variant.description.
2024-02-07 13:29:27.779 [warning] [cmake-tools]: Couldn't find message for key cmake-tools.configuration.cmake.options.advanced.statusBarVisibility.variant.description.
2024-02-07 13:29:27.781 [warning] [csharp]: Couldn't find message for key configuration.razor.server.trace.
2024-02-07 13:29:27.933 [warning] [cmake-tools]: Couldn't find message for key cmake-tools.configuration.cmake.options.advanced.statusBarVisibility.variant.description.
2024-02-07 13:29:27.935 [warning] [csharp]: Couldn't find message for key configuration.razor.server.trace.
2024-02-07 13:29:27.958 [warning] [cmake-tools]: Couldn't find message for key cmake-tools.configuration.cmake.options.advanced.statusBarVisibility.variant.description.
2024-02-07 13:29:27.960 [warning] [csharp]: Couldn't find message for key configuration.razor.server.trace.
2024-02-07 13:29:27.998 [warning] [cmake-tools]: Couldn't find message for key cmake-tools.configuration.cmake.options.advanced.statusBarVisibility.variant.description.
2024-02-07 13:29:28.000 [warning] [csharp]: Couldn't find message for key configuration.razor.server.trace.
2024-02-07 13:29:28.442 [warning] [cmake-tools]: Couldn't find message for key cmake-tools.configuration.cmake.options.advanced.statusBarVisibility.variant.description.
2024-02-07 13:29:28.443 [warning] [csharp]: Couldn't find message for key configuration.razor.server.trace.
2024-02-07 13:29:29.348 [warning] [cmake-tools]: Couldn't find message for key cmake-tools.configuration.cmake.options.advanced.statusBarVisibility.variant.description.
2024-02-07 13:29:29.349 [warning] [csharp]: Couldn't find message for key configuration.razor.server.trace.
2024-02-07 13:29:29.432 [warning] [cmake-tools]: Couldn't find message for key cmake-tools.configuration.cmake.options.advanced.statusBarVisibility.variant.description.
2024-02-07 13:29:29.434 [warning] [csharp]: Couldn't find message for key configuration.razor.server.trace.
2024-02-07 13:29:29.512 [warning] [cmake-tools]: Couldn't find message for key cmake-tools.configuration.cmake.options.advanced.statusBarVisibility.variant.description.
2024-02-07 13:29:29.515 [warning] [csharp]: Couldn't find message for key configuration.razor.server.trace.
