2024-02-07 13:20:44.006 [info] Using settings sync service https://vscode-sync.trafficmanager.net/
2024-02-07 13:20:44.006 [info] Auto Sync is enabled.
2024-02-07 13:20:44.006 [info] Auto Sync: Suspended until auth token is available.
2024-02-07 13:28:01.079 [info] Auto Sync: Triggered by Interval
2024-02-07 13:28:01.079 [info] Sync started.
2024-02-07 13:28:01.490 [info] Settings: Last sync resource does not exist locally.
2024-02-07 13:28:01.789 [info] Settings: Detected conflicts while synchronizing settings.
2024-02-07 13:28:01.790 [info] Keybindings: Last sync resource does not exist locally.
2024-02-07 13:28:02.121 [info] Keybindings: No changes found during synchronizing keybindings.
2024-02-07 13:28:02.123 [info] Snippets: Last sync resource does not exist locally.
2024-02-07 13:28:02.646 [info] Snippets: Updated remote snippets
2024-02-07 13:28:02.652 [info] Snippets: Updated last synchronized snippets
2024-02-07 13:28:02.662 [info] Tasks: Last sync resource does not exist locally.
2024-02-07 13:28:02.757 [info] Tasks: No changes found during synchronizing tasks.
2024-02-07 13:28:02.758 [info] GlobalState: Last sync resource does not exist locally.
2024-02-07 13:28:02.843 [info] Request failed {"url":"https://vscode-sync.trafficmanager.net/v1/resource/globalState/be801a94-69ee-44e4-b7be-ecf1cd084180","status":404,"execution-id":"7b184efb-9b30-4d0b-a725-07fd46f6abee","operation-id":"63a77463af3740c0a0dd3d22dba258ab"} Not Found
2024-02-07 13:28:02.844 [info] GlobalState: Last sync resource does not exist remotely.
2024-02-07 13:28:03.005 [info] GlobalState: Accepting remote because it was synced before and the last sync data is not available.
2024-02-07 13:28:03.020 [info] GlobalState: Updated global state ["csharp.1.editedCount","csharp.1.editedDate","github-AhmedAmrNabil","workbench.panel.chatSidebar.hidden","workbench.view.extension.cmake-view.state.hidden","workbench.view.extension.custom-activitybar.state.hidden","workbench.view.extension.references-view.state.hidden","commandPalette.mru.cache","commandPalette.mru.counter","csharp.1.lastSessionDate","csharp.1.sessionCount","java.2.lastSessionDate","java.2.sessionCount","javascript.1.editedDate","javascript.1.lastSessionDate","javascript.1.sessionCount","memento/gettingStartedService","snippets.usageTimestamps","typescript.1.lastSessionDate","typescript.1.sessionCount","workbench.activity.pinnedViewlets2","workbench.panel.pinnedPanels","workbench.statusbar.hidden","workbench.welcomePage.walkthroughMetadata"]
2024-02-07 13:28:03.021 [info] GlobalState: Updated local ui state
2024-02-07 13:28:03.283 [info] GlobalState: Last sync resource does not exist locally.
2024-02-07 13:28:03.389 [info] GlobalState: Updated remote ui state.
2024-02-07 13:28:03.397 [info] GlobalState: Updated last synchronized ui state
2024-02-07 13:28:03.403 [info] Extensions: Last sync resource does not exist locally.
2024-02-07 13:28:03.476 [info] Request failed {"url":"https://vscode-sync.trafficmanager.net/v1/resource/globalState/be801a94-69ee-44e4-b7be-ecf1cd084180","status":404,"execution-id":"7b184efb-9b30-4d0b-a725-07fd46f6abee","operation-id":"ce1408750f19470481597a5fbd8655d9"} Not Found
2024-02-07 13:28:03.477 [info] GlobalState: Last sync resource does not exist remotely.
2024-02-07 13:28:03.534 [info] Request failed {"url":"https://vscode-sync.trafficmanager.net/v1/resource/extensions/93fe4f8c-9259-4eb5-87c7-70759316d46e","status":404,"execution-id":"7b184efb-9b30-4d0b-a725-07fd46f6abee","operation-id":"bf6d3ad6117d4507953fb33783a893b6"} Not Found
2024-02-07 13:28:03.534 [info] Extensions: Last sync resource does not exist remotely.
2024-02-07 13:28:03.809 [info] Extensions: Accepting remote because it was synced before and the last sync data is not available.
2024-02-07 13:28:04.697 [info] Extensions: Skipped synchronizing extension because the extension is not found. jorgenbuilder.motoko-formatter
2024-02-07 13:28:04.775 [info] Extensions: Last sync resource does not exist locally.
2024-02-07 13:28:04.855 [info] Request failed {"url":"https://vscode-sync.trafficmanager.net/v1/resource/extensions/93fe4f8c-9259-4eb5-87c7-70759316d46e","status":404,"execution-id":"7b184efb-9b30-4d0b-a725-07fd46f6abee","operation-id":"659d0b7b0f18427a834a2b213f81cc91"} Not Found
2024-02-07 13:28:04.856 [info] Extensions: Last sync resource does not exist remotely.
2024-02-07 13:28:51.215 [info] Settings: Updated local settings
2024-02-07 13:28:51.741 [info] Settings: Updated remote settings
2024-02-07 13:28:51.751 [info] Settings: Updated last synchronized settings
