2024-02-06 20:39:48.143 [info] Extension host with pid 4457 started
2024-02-06 20:39:48.143 [info] Skipping acquiring lock for /home/btngana/.config/Code - Insiders/User/workspaceStorage/d62acd5e84ff7a295ad3f83ad9fa85d0.
2024-02-06 20:39:48.250 [info] ExtensionService#_doActivateExtension vscode.git-base, startup: true, activationEvent: '*'
2024-02-06 20:39:48.252 [info] ExtensionService#_doActivateExtension naumovs.color-highlight, startup: true, activationEvent: '*'
2024-02-06 20:39:48.255 [info] ExtensionService#_doActivateExtension WallabyJs.quokka-vscode, startup: true, activationEvent: '*'
2024-02-06 20:39:48.345 [info] ExtensionService#_doActivateExtension vscode.github, startup: true, activationEvent: '*'
2024-02-06 20:39:48.384 [info] Eager extensions activated
2024-02-06 20:39:48.387 [info] ExtensionService#_doActivateExtension vscode.debug-auto-launch, startup: false, activationEvent: 'onStartupFinished'
2024-02-06 20:39:48.388 [info] ExtensionService#_doActivateExtension vscode.merge-conflict, startup: false, activationEvent: 'onStartupFinished'
2024-02-06 20:39:48.392 [info] ExtensionService#_doActivateExtension Catppuccin.catppuccin-vsc, startup: false, activationEvent: 'onStartupFinished'
2024-02-06 20:39:48.394 [info] ExtensionService#_doActivateExtension dsznajder.es7-react-js-snippets, startup: false, activationEvent: 'onStartupFinished'
2024-02-06 20:39:48.528 [info] ExtensionService#_doActivateExtension esbenp.prettier-vscode, startup: false, activationEvent: 'onStartupFinished'
2024-02-06 20:39:48.548 [info] ExtensionService#_doActivateExtension ms-vscode-remote.remote-containers, startup: false, activationEvent: 'onStartupFinished'
2024-02-06 20:39:48.635 [info] ExtensionService#_doActivateExtension ms-vscode-remote.remote-wsl, startup: false, activationEvent: 'onStartupFinished'
2024-02-06 20:39:48.677 [info] ExtensionService#_doActivateExtension vscode-icons-team.vscode-icons, startup: false, activationEvent: 'onStartupFinished'
2024-02-06 20:39:48.777 [info] ExtensionService#_doActivateExtension vscode.microsoft-authentication, startup: false, activationEvent: 'onAuthenticationRequest:microsoft'
2024-02-06 20:39:53.701 [info] ExtensionService#_doActivateExtension vscode.git, startup: false, activationEvent: 'api', root cause: vscode.github
2024-02-06 20:39:53.788 [info] ExtensionService#_doActivateExtension dbaeumer.vscode-eslint, startup: false, activationEvent: 'onStartupFinished'
2024-02-06 20:39:53.800 [info] ExtensionService#_doActivateExtension formulahendry.code-runner, startup: false, activationEvent: 'onStartupFinished'
2024-02-06 20:39:53.826 [info] ExtensionService#_doActivateExtension LeonardSSH.vscord, startup: false, activationEvent: 'onStartupFinished'
2024-02-06 20:39:53.919 [error] Activating extension LeonardSSH.vscord failed due to an error:
2024-02-06 20:39:53.919 [error] Error: Extension 'vscode.git' is not known or not activated
    at S.getActivatedExtension (/opt/visual-studio-code-insiders/resources/app/out/vs/workbench/api/node/extensionHostProcess.js:140:3554)
    at getExtensionExports (/opt/visual-studio-code-insiders/resources/app/out/vs/workbench/api/node/extensionHostProcess.js:156:8909)
    at Y.get exports [as exports] (/opt/visual-studio-code-insiders/resources/app/out/vs/workbench/api/node/extensionHostProcess.js:156:22799)
    at new rs (/home/btngana/.vscode-insiders/extensions/leonardssh.vscord-5.1.18/src/data.ts:48:31)
    at Object.<anonymous> (/home/btngana/.vscode-insiders/extensions/leonardssh.vscord-5.1.18/src/data.ts:332:26)
    at Module.o._compile (/opt/visual-studio-code-insiders/resources/app/out/vs/loader.js:4:1271)
    at Object..js (node:internal/modules/cjs/loader:1373:10)
    at Module.load (node:internal/modules/cjs/loader:1173:32)
    at node:internal/modules/cjs/loader:1014:12
    at Function.<anonymous> (node:electron/js2c/asar_bundle:2:13327)
    at Function.l._load (/opt/visual-studio-code-insiders/resources/app/out/vs/workbench/api/node/extensionHostProcess.js:173:5635)
    at Function.r._load (/opt/visual-studio-code-insiders/resources/app/out/vs/workbench/api/node/extensionHostProcess.js:170:29791)
    at Function.t._load (/opt/visual-studio-code-insiders/resources/app/out/vs/workbench/api/node/extensionHostProcess.js:135:35292)
    at Module.require (node:internal/modules/cjs/loader:1197:19)
    at require (node:internal/modules/cjs/helpers:121:18)
    at Function.i [as __$__nodeRequire] (/opt/visual-studio-code-insiders/resources/app/out/vs/loader.js:5:98)
    at g.vb (/opt/visual-studio-code-insiders/resources/app/out/vs/workbench/api/node/extensionHostProcess.js:170:30970)
    at async Promise.all (index 0)
2024-02-06 20:39:53.919 [info] ExtensionService#_doActivateExtension mtxr.sqltools, startup: false, activationEvent: '*'
2024-02-06 20:39:53.935 [info] ExtensionService#_doActivateExtension tonybaloney.vscode-pets, startup: false, activationEvent: 'onStartupFinished'
2024-02-06 20:39:56.777 [info] ExtensionService#_doActivateExtension ms-vscode.cpptools, startup: false, activationEvent: 'onLanguage:cpp'
2024-02-06 20:39:56.959 [info] ExtensionService#_doActivateExtension vscode.emmet, startup: false, activationEvent: 'onLanguage'
2024-02-06 20:52:21.553 [info] ExtensionService#_doActivateExtension GrapeCity.gc-excelviewer, startup: false, activationEvent: 'onLanguage:plaintext'
2024-02-06 20:52:33.966 [info] ExtensionService#_doActivateExtension vscode.json-language-features, startup: false, activationEvent: 'onLanguage:jsonc'
2024-02-06 20:52:33.990 [info] ExtensionService#_doActivateExtension vscode.typescript-language-features, startup: false, activationEvent: 'onLanguage:jsonc'
2024-02-06 20:58:04.938 [info] Extension host terminating: renderer closed the MessagePort
2024-02-06 20:58:04.992 [error] Canceled: Canceled
    at new f (/opt/visual-studio-code-insiders/resources/app/out/vs/workbench/api/node/extensionHostProcess.js:140:45069)
    at d.U (/opt/visual-studio-code-insiders/resources/app/out/vs/workbench/api/node/extensionHostProcess.js:147:5557)
    at Proxy.T.<computed>.O.charCodeAt.T.<computed> (/opt/visual-studio-code-insiders/resources/app/out/vs/workbench/api/node/extensionHostProcess.js:147:3008)
    at s.g (/opt/visual-studio-code-insiders/resources/app/out/vs/workbench/api/node/extensionHostProcess.js:150:174704)
    at s.executeCommand (/opt/visual-studio-code-insiders/resources/app/out/vs/workbench/api/node/extensionHostProcess.js:150:174142)
    at m.registerCommand.description (/opt/visual-studio-code-insiders/resources/app/out/vs/workbench/api/node/extensionHostProcess.js:150:173466)
    at s.h (/opt/visual-studio-code-insiders/resources/app/out/vs/workbench/api/node/extensionHostProcess.js:150:175243)
    at s.g (/opt/visual-studio-code-insiders/resources/app/out/vs/workbench/api/node/extensionHostProcess.js:150:174235)
    at s.executeCommand (/opt/visual-studio-code-insiders/resources/app/out/vs/workbench/api/node/extensionHostProcess.js:150:174142)
    at Object.executeCommand (/opt/visual-studio-code-insiders/resources/app/out/vs/workbench/api/node/extensionHostProcess.js:160:21634)
    at Object.dispose (/home/btngana/.vscode-insiders/extensions/wallabyjs.quokka-vscode-1.0.625/dist/index.js:6:77986)
    at /home/btngana/.vscode-insiders/extensions/wallabyjs.quokka-vscode-1.0.625/dist/index.js:6:11944
    at Array.forEach (<anonymous>)
    at t.exports.dispose (/home/btngana/.vscode-insiders/extensions/wallabyjs.quokka-vscode-1.0.625/dist/index.js:6:11931)
    at I.deactivate (/home/btngana/.vscode-insiders/extensions/wallabyjs.quokka-vscode-1.0.625/dist/index.js:6:79253)
    at Object.dispose (/home/btngana/.vscode-insiders/extensions/wallabyjs.quokka-vscode-1.0.625/dist/index.js:6:1420)
    at /home/btngana/.vscode-insiders/extensions/wallabyjs.quokka-vscode-1.0.625/dist/index.js:6:11944
    at Array.forEach (<anonymous>)
    at t.exports.dispose (/home/btngana/.vscode-insiders/extensions/wallabyjs.quokka-vscode-1.0.625/dist/index.js:6:11931)
    at deactivate (/home/btngana/.vscode-insiders/extensions/wallabyjs.quokka-vscode-1.0.625/dist/index.js:6:1605)
    at Object.dispose (/home/btngana/.vscode-insiders/extensions/wallabyjs.quokka-vscode-1.0.625/dist/index.js:6:1680)
    at o (/opt/visual-studio-code-insiders/resources/app/out/vs/workbench/api/node/extensionHostProcess.js:30:754)
    at g.cb (/opt/visual-studio-code-insiders/resources/app/out/vs/workbench/api/node/extensionHostProcess.js:156:9874)
    at /opt/visual-studio-code-insiders/resources/app/out/vs/workbench/api/node/extensionHostProcess.js:156:7808
    at Array.map (<anonymous>)
    at g.Y (/opt/visual-studio-code-insiders/resources/app/out/vs/workbench/api/node/extensionHostProcess.js:156:7795)
    at g.terminate (/opt/visual-studio-code-insiders/resources/app/out/vs/workbench/api/node/extensionHostProcess.js:156:8068)
    at o.terminate (/opt/visual-studio-code-insiders/resources/app/out/vs/workbench/api/node/extensionHostProcess.js:160:1513)
    at t (/opt/visual-studio-code-insiders/resources/app/out/vs/workbench/api/node/extensionHostProcess.js:173:9950)
    at MessagePortMain.<anonymous> (/opt/visual-studio-code-insiders/resources/app/out/vs/workbench/api/node/extensionHostProcess.js:173:6375)
    at MessagePortMain.emit (node:events:514:28)
    at Object.emit (node:electron/js2c/utility_init:2:2285) setContext undefined
2024-02-06 20:58:05.096 [info] Extension host with pid 4457 exiting with code 0
2024-02-06 20:58:06.189 [info] Extension host with pid 40511 started
2024-02-06 20:58:06.189 [info] Skipping acquiring lock for /home/btngana/.config/Code - Insiders/User/workspaceStorage/d62acd5e84ff7a295ad3f83ad9fa85d0.
2024-02-06 20:58:06.480 [info] ExtensionService#_doActivateExtension GrapeCity.gc-excelviewer, startup: false, activationEvent: 'onLanguage:plaintext'
2024-02-06 20:58:06.483 [info] ExtensionService#_doActivateExtension vscode.emmet, startup: false, activationEvent: 'onLanguage'
2024-02-06 20:58:06.488 [info] ExtensionService#_doActivateExtension ms-vscode.cpptools, startup: false, activationEvent: 'onLanguage:cpp'
2024-02-06 20:58:07.128 [info] ExtensionService#_doActivateExtension vscode.git-base, startup: true, activationEvent: '*', root cause: vscode.git
2024-02-06 20:58:07.130 [info] ExtensionService#_doActivateExtension mtxr.sqltools, startup: true, activationEvent: '*'
2024-02-06 20:58:07.148 [info] ExtensionService#_doActivateExtension naumovs.color-highlight, startup: true, activationEvent: '*'
2024-02-06 20:58:07.153 [info] ExtensionService#_doActivateExtension WallabyJs.quokka-vscode, startup: true, activationEvent: '*'
2024-02-06 20:58:07.187 [info] ExtensionService#_doActivateExtension vscode.microsoft-authentication, startup: false, activationEvent: 'onAuthenticationRequest:microsoft'
2024-02-06 20:58:07.370 [info] ExtensionService#_doActivateExtension vscode.git, startup: true, activationEvent: '*'
2024-02-06 20:58:07.395 [info] ExtensionService#_doActivateExtension vscode.github, startup: true, activationEvent: '*'
2024-02-06 20:58:07.486 [info] Eager extensions activated
2024-02-06 20:58:07.514 [info] ExtensionService#_doActivateExtension vscode.debug-auto-launch, startup: false, activationEvent: 'onStartupFinished'
2024-02-06 20:58:07.517 [info] ExtensionService#_doActivateExtension vscode.merge-conflict, startup: false, activationEvent: 'onStartupFinished'
2024-02-06 20:58:07.526 [info] ExtensionService#_doActivateExtension Catppuccin.catppuccin-vsc, startup: false, activationEvent: 'onStartupFinished'
2024-02-06 20:58:07.530 [info] ExtensionService#_doActivateExtension dbaeumer.vscode-eslint, startup: false, activationEvent: 'onStartupFinished'
2024-02-06 20:58:07.543 [info] ExtensionService#_doActivateExtension dsznajder.es7-react-js-snippets, startup: false, activationEvent: 'onStartupFinished'
2024-02-06 20:58:07.724 [info] ExtensionService#_doActivateExtension esbenp.prettier-vscode, startup: false, activationEvent: 'onStartupFinished'
2024-02-06 20:58:07.753 [info] ExtensionService#_doActivateExtension formulahendry.code-runner, startup: false, activationEvent: 'onStartupFinished'
2024-02-06 20:58:07.777 [info] ExtensionService#_doActivateExtension LeonardSSH.vscord, startup: false, activationEvent: 'onStartupFinished'
2024-02-06 20:58:07.789 [info] ExtensionService#_doActivateExtension ms-vscode-remote.remote-containers, startup: false, activationEvent: 'onStartupFinished'
2024-02-06 20:58:07.820 [info] ExtensionService#_doActivateExtension ms-vscode-remote.remote-wsl, startup: false, activationEvent: 'onStartupFinished'
2024-02-06 20:58:07.830 [info] ExtensionService#_doActivateExtension tonybaloney.vscode-pets, startup: false, activationEvent: 'onStartupFinished'
2024-02-06 20:58:07.844 [info] ExtensionService#_doActivateExtension vscode-icons-team.vscode-icons, startup: false, activationEvent: 'onStartupFinished'
2024-02-06 20:58:59.171 [info] ExtensionService#_doActivateExtension usernamehw.errorlens, startup: false, activationEvent: 'onStartupFinished'
2024-02-06 20:59:58.562 [info] ExtensionService#_doActivateExtension vscode.json-language-features, startup: false, activationEvent: 'onLanguage:jsonc'
2024-02-06 20:59:58.575 [info] ExtensionService#_doActivateExtension vscode.typescript-language-features, startup: false, activationEvent: 'onLanguage:jsonc'
2024-02-06 20:59:58.727 [info] ExtensionService#_doActivateExtension vscode.npm, startup: false, activationEvent: 'onTerminalQuickFixRequest:ms-vscode.npm-command'
2024-02-06 21:29:06.920 [warning] ms-vscode.cpptools - Code actions of kind 'quickfix 'requested but returned code action is of kind 'refactor.extract.function'. Code action will be dropped. Please check 'CodeActionContext.only' to only return requested code actions.
2024-02-06 21:31:09.010 [warning] ms-vscode.cpptools - Code actions of kind 'quickfix 'requested but returned code action is of kind 'refactor.extract.function'. Code action will be dropped. Please check 'CodeActionContext.only' to only return requested code actions.
2024-02-06 21:31:55.264 [warning] ms-vscode.cpptools - Code actions of kind 'quickfix 'requested but returned code action is of kind 'refactor.extract.function'. Code action will be dropped. Please check 'CodeActionContext.only' to only return requested code actions.
2024-02-06 21:55:50.046 [warning] ms-vscode.cpptools - Code actions of kind 'quickfix 'requested but returned code action is of kind 'refactor.extract.function'. Code action will be dropped. Please check 'CodeActionContext.only' to only return requested code actions.
2024-02-06 21:56:24.961 [warning] ms-vscode.cpptools - Code actions of kind 'quickfix 'requested but returned code action is of kind 'refactor.extract.function'. Code action will be dropped. Please check 'CodeActionContext.only' to only return requested code actions.
2024-02-06 21:56:33.069 [warning] ms-vscode.cpptools - Code actions of kind 'quickfix 'requested but returned code action is of kind 'refactor.extract.function'. Code action will be dropped. Please check 'CodeActionContext.only' to only return requested code actions.
2024-02-06 21:56:35.716 [warning] ms-vscode.cpptools - Code actions of kind 'quickfix 'requested but returned code action is of kind 'refactor.extract.function'. Code action will be dropped. Please check 'CodeActionContext.only' to only return requested code actions.
2024-02-06 21:57:30.401 [warning] ms-vscode.cpptools - Code actions of kind 'quickfix 'requested but returned code action is of kind 'refactor.extract.function'. Code action will be dropped. Please check 'CodeActionContext.only' to only return requested code actions.
2024-02-06 21:59:31.277 [warning] ms-vscode.cpptools - Code actions of kind 'quickfix 'requested but returned code action is of kind 'refactor.extract.function'. Code action will be dropped. Please check 'CodeActionContext.only' to only return requested code actions.
2024-02-06 21:59:32.982 [warning] ms-vscode.cpptools - Code actions of kind 'quickfix 'requested but returned code action is of kind 'refactor.extract.function'. Code action will be dropped. Please check 'CodeActionContext.only' to only return requested code actions.
2024-02-06 22:14:07.945 [info] Extension host terminating: renderer closed the MessagePort
2024-02-06 22:14:07.984 [error] Canceled: Canceled
    at new f (/opt/visual-studio-code-insiders/resources/app/out/vs/workbench/api/node/extensionHostProcess.js:140:45069)
    at d.U (/opt/visual-studio-code-insiders/resources/app/out/vs/workbench/api/node/extensionHostProcess.js:147:5557)
    at Proxy.T.<computed>.O.charCodeAt.T.<computed> (/opt/visual-studio-code-insiders/resources/app/out/vs/workbench/api/node/extensionHostProcess.js:147:3008)
    at s.g (/opt/visual-studio-code-insiders/resources/app/out/vs/workbench/api/node/extensionHostProcess.js:150:174704)
    at s.executeCommand (/opt/visual-studio-code-insiders/resources/app/out/vs/workbench/api/node/extensionHostProcess.js:150:174142)
    at m.registerCommand.description (/opt/visual-studio-code-insiders/resources/app/out/vs/workbench/api/node/extensionHostProcess.js:150:173466)
    at s.h (/opt/visual-studio-code-insiders/resources/app/out/vs/workbench/api/node/extensionHostProcess.js:150:175243)
    at s.g (/opt/visual-studio-code-insiders/resources/app/out/vs/workbench/api/node/extensionHostProcess.js:150:174235)
    at s.executeCommand (/opt/visual-studio-code-insiders/resources/app/out/vs/workbench/api/node/extensionHostProcess.js:150:174142)
    at Object.executeCommand (/opt/visual-studio-code-insiders/resources/app/out/vs/workbench/api/node/extensionHostProcess.js:160:21634)
    at Object.dispose (/home/btngana/.vscode-insiders/extensions/wallabyjs.quokka-vscode-1.0.625/dist/index.js:6:77986)
    at /home/btngana/.vscode-insiders/extensions/wallabyjs.quokka-vscode-1.0.625/dist/index.js:6:11944
    at Array.forEach (<anonymous>)
    at t.exports.dispose (/home/btngana/.vscode-insiders/extensions/wallabyjs.quokka-vscode-1.0.625/dist/index.js:6:11931)
    at I.deactivate (/home/btngana/.vscode-insiders/extensions/wallabyjs.quokka-vscode-1.0.625/dist/index.js:6:79253)
    at Object.dispose (/home/btngana/.vscode-insiders/extensions/wallabyjs.quokka-vscode-1.0.625/dist/index.js:6:1420)
    at /home/btngana/.vscode-insiders/extensions/wallabyjs.quokka-vscode-1.0.625/dist/index.js:6:11944
    at Array.forEach (<anonymous>)
    at t.exports.dispose (/home/btngana/.vscode-insiders/extensions/wallabyjs.quokka-vscode-1.0.625/dist/index.js:6:11931)
    at deactivate (/home/btngana/.vscode-insiders/extensions/wallabyjs.quokka-vscode-1.0.625/dist/index.js:6:1605)
    at Object.dispose (/home/btngana/.vscode-insiders/extensions/wallabyjs.quokka-vscode-1.0.625/dist/index.js:6:1680)
    at o (/opt/visual-studio-code-insiders/resources/app/out/vs/workbench/api/node/extensionHostProcess.js:30:754)
    at g.cb (/opt/visual-studio-code-insiders/resources/app/out/vs/workbench/api/node/extensionHostProcess.js:156:9874)
    at /opt/visual-studio-code-insiders/resources/app/out/vs/workbench/api/node/extensionHostProcess.js:156:7808
    at Array.map (<anonymous>)
    at g.Y (/opt/visual-studio-code-insiders/resources/app/out/vs/workbench/api/node/extensionHostProcess.js:156:7795)
    at g.terminate (/opt/visual-studio-code-insiders/resources/app/out/vs/workbench/api/node/extensionHostProcess.js:156:8068)
    at o.terminate (/opt/visual-studio-code-insiders/resources/app/out/vs/workbench/api/node/extensionHostProcess.js:160:1513)
    at t (/opt/visual-studio-code-insiders/resources/app/out/vs/workbench/api/node/extensionHostProcess.js:173:9950)
    at MessagePortMain.<anonymous> (/opt/visual-studio-code-insiders/resources/app/out/vs/workbench/api/node/extensionHostProcess.js:173:6375)
    at MessagePortMain.emit (node:events:514:28)
    at Object.emit (node:electron/js2c/utility_init:2:2285) setContext undefined
2024-02-06 22:14:12.982 [info] Extension host with pid 40511 exiting with code 0
