2024-02-06 22:24:56.616 [warning] [cmake-tools]: Couldn't find message for key cmake-tools.configuration.cmake.options.advanced.statusBarVisibility.variant.description.
2024-02-06 22:24:56.619 [warning] [csharp]: Couldn't find message for key configuration.razor.server.trace.
2024-02-06 22:24:56.633 [warning] [cmake-tools]: Couldn't find message for key cmake-tools.configuration.cmake.options.advanced.statusBarVisibility.variant.description.
2024-02-06 22:24:56.637 [warning] [csharp]: Couldn't find message for key configuration.razor.server.trace.
2024-02-06 22:24:56.643 [warning] [cmake-tools]: Couldn't find message for key cmake-tools.configuration.cmake.options.advanced.statusBarVisibility.variant.description.
2024-02-06 22:24:56.645 [warning] [csharp]: Couldn't find message for key configuration.razor.server.trace.
2024-02-06 22:24:56.683 [warning] [csharp]: Couldn't find message for key configuration.razor.server.trace.
2024-02-06 22:24:56.685 [warning] [cmake-tools]: Couldn't find message for key cmake-tools.configuration.cmake.options.advanced.statusBarVisibility.variant.description.
2024-02-06 22:24:56.743 [warning] [cmake-tools]: Couldn't find message for key cmake-tools.configuration.cmake.options.advanced.statusBarVisibility.variant.description.
2024-02-06 22:24:56.744 [warning] [csharp]: Couldn't find message for key configuration.razor.server.trace.
2024-02-06 22:24:57.125 [warning] [cmake-tools]: Couldn't find message for key cmake-tools.configuration.cmake.options.advanced.statusBarVisibility.variant.description.
2024-02-06 22:24:57.126 [warning] [csharp]: Couldn't find message for key configuration.razor.server.trace.
2024-02-06 22:24:57.303 [warning] [cmake-tools]: Couldn't find message for key cmake-tools.configuration.cmake.options.advanced.statusBarVisibility.variant.description.
2024-02-06 22:24:57.306 [warning] [csharp]: Couldn't find message for key configuration.razor.server.trace.
2024-02-06 22:24:57.392 [warning] [cmake-tools]: Couldn't find message for key cmake-tools.configuration.cmake.options.advanced.statusBarVisibility.variant.description.
2024-02-06 22:24:57.395 [warning] [csharp]: Couldn't find message for key configuration.razor.server.trace.
2024-02-06 22:24:57.582 [warning] [cmake-tools]: Couldn't find message for key cmake-tools.configuration.cmake.options.advanced.statusBarVisibility.variant.description.
2024-02-06 22:24:57.585 [warning] [csharp]: Couldn't find message for key configuration.razor.server.trace.
2024-02-06 22:24:57.734 [warning] [cmake-tools]: Couldn't find message for key cmake-tools.configuration.cmake.options.advanced.statusBarVisibility.variant.description.
2024-02-06 22:24:57.738 [warning] [csharp]: Couldn't find message for key configuration.razor.server.trace.
2024-02-06 22:24:57.876 [warning] [cmake-tools]: Couldn't find message for key cmake-tools.configuration.cmake.options.advanced.statusBarVisibility.variant.description.
2024-02-06 22:24:57.891 [warning] [csharp]: Couldn't find message for key configuration.razor.server.trace.
2024-02-06 22:24:57.906 [warning] [cmake-tools]: Couldn't find message for key cmake-tools.configuration.cmake.options.advanced.statusBarVisibility.variant.description.
2024-02-06 22:24:57.907 [warning] [csharp]: Couldn't find message for key configuration.razor.server.trace.
2024-02-06 22:24:57.939 [error] [uncaught exception in sharedProcess]: Event not found: onDidChange: CodeExpectedError: Event not found: onDidChange
    at Object.listen (/opt/visual-studio-code-insiders/resources/app/out/vs/code/node/sharedProcess/sharedProcessMain.js:45:4960)
    at E.t (/opt/visual-studio-code-insiders/resources/app/out/vs/code/node/sharedProcess/sharedProcessMain.js:44:251)
    at E.q (/opt/visual-studio-code-insiders/resources/app/out/vs/code/node/sharedProcess/sharedProcessMain.js:43:4371)
    at y.value (/opt/visual-studio-code-insiders/resources/app/out/vs/code/node/sharedProcess/sharedProcessMain.js:43:3602)
    at d.y (/opt/visual-studio-code-insiders/resources/app/out/vs/code/node/sharedProcess/sharedProcessMain.js:38:1902)
    at d.z (/opt/visual-studio-code-insiders/resources/app/out/vs/code/node/sharedProcess/sharedProcessMain.js:38:1972)
    at d.fire (/opt/visual-studio-code-insiders/resources/app/out/vs/code/node/sharedProcess/sharedProcessMain.js:38:2188)
    at MessagePortMain.fe (/opt/visual-studio-code-insiders/resources/app/out/vs/code/node/sharedProcess/sharedProcessMain.js:36:30382)
    at MessagePortMain.emit (node:events:514:28)
    at Object.emit (node:electron/js2c/utility_init:2:2285)
2024-02-06 22:24:58.016 [warning] [cmake-tools]: Couldn't find message for key cmake-tools.configuration.cmake.options.advanced.statusBarVisibility.variant.description.
2024-02-06 22:24:58.017 [warning] [csharp]: Couldn't find message for key configuration.razor.server.trace.
2024-02-06 22:24:58.136 [warning] [cmake-tools]: Couldn't find message for key cmake-tools.configuration.cmake.options.advanced.statusBarVisibility.variant.description.
2024-02-06 22:24:58.137 [warning] [csharp]: Couldn't find message for key configuration.razor.server.trace.
2024-02-06 22:24:58.675 [warning] [cmake-tools]: Couldn't find message for key cmake-tools.configuration.cmake.options.advanced.statusBarVisibility.variant.description.
2024-02-06 22:24:58.677 [warning] [csharp]: Couldn't find message for key configuration.razor.server.trace.
2024-02-06 22:24:58.706 [warning] [cmake-tools]: Couldn't find message for key cmake-tools.configuration.cmake.options.advanced.statusBarVisibility.variant.description.
2024-02-06 22:24:58.706 [warning] [csharp]: Couldn't find message for key configuration.razor.server.trace.
2024-02-06 22:24:58.856 [warning] [cmake-tools]: Couldn't find message for key cmake-tools.configuration.cmake.options.advanced.statusBarVisibility.variant.description.
2024-02-06 22:24:58.856 [warning] [csharp]: Couldn't find message for key configuration.razor.server.trace.
2024-02-06 22:24:58.869 [warning] [cmake-tools]: Couldn't find message for key cmake-tools.configuration.cmake.options.advanced.statusBarVisibility.variant.description.
2024-02-06 22:24:58.870 [warning] [csharp]: Couldn't find message for key configuration.razor.server.trace.
2024-02-06 22:24:59.436 [warning] [cmake-tools]: Couldn't find message for key cmake-tools.configuration.cmake.options.advanced.statusBarVisibility.variant.description.
2024-02-06 22:24:59.437 [warning] [csharp]: Couldn't find message for key configuration.razor.server.trace.
2024-02-06 22:29:58.987 [warning] [cmake-tools]: Couldn't find message for key cmake-tools.configuration.cmake.options.advanced.statusBarVisibility.variant.description.
2024-02-06 22:29:58.990 [warning] [csharp]: Couldn't find message for key configuration.razor.server.trace.
2024-02-06 22:34:59.124 [warning] [cmake-tools]: Couldn't find message for key cmake-tools.configuration.cmake.options.advanced.statusBarVisibility.variant.description.
2024-02-06 22:34:59.130 [warning] [csharp]: Couldn't find message for key configuration.razor.server.trace.
2024-02-06 22:39:59.214 [warning] [cmake-tools]: Couldn't find message for key cmake-tools.configuration.cmake.options.advanced.statusBarVisibility.variant.description.
2024-02-06 22:39:59.218 [warning] [csharp]: Couldn't find message for key configuration.razor.server.trace.
2024-02-06 22:44:59.334 [warning] [cmake-tools]: Couldn't find message for key cmake-tools.configuration.cmake.options.advanced.statusBarVisibility.variant.description.
2024-02-06 22:44:59.336 [warning] [csharp]: Couldn't find message for key configuration.razor.server.trace.
2024-02-06 22:49:59.497 [warning] [cmake-tools]: Couldn't find message for key cmake-tools.configuration.cmake.options.advanced.statusBarVisibility.variant.description.
2024-02-06 22:49:59.501 [warning] [csharp]: Couldn't find message for key configuration.razor.server.trace.
2024-02-06 22:54:59.630 [warning] [cmake-tools]: Couldn't find message for key cmake-tools.configuration.cmake.options.advanced.statusBarVisibility.variant.description.
2024-02-06 22:54:59.631 [warning] [csharp]: Couldn't find message for key configuration.razor.server.trace.
2024-02-06 22:59:59.717 [warning] [cmake-tools]: Couldn't find message for key cmake-tools.configuration.cmake.options.advanced.statusBarVisibility.variant.description.
2024-02-06 22:59:59.724 [warning] [csharp]: Couldn't find message for key configuration.razor.server.trace.
2024-02-06 23:04:59.829 [warning] [cmake-tools]: Couldn't find message for key cmake-tools.configuration.cmake.options.advanced.statusBarVisibility.variant.description.
2024-02-06 23:04:59.832 [warning] [csharp]: Couldn't find message for key configuration.razor.server.trace.
2024-02-06 23:10:00.207 [warning] [cmake-tools]: Couldn't find message for key cmake-tools.configuration.cmake.options.advanced.statusBarVisibility.variant.description.
2024-02-06 23:10:00.214 [warning] [csharp]: Couldn't find message for key configuration.razor.server.trace.
2024-02-06 23:15:00.339 [warning] [cmake-tools]: Couldn't find message for key cmake-tools.configuration.cmake.options.advanced.statusBarVisibility.variant.description.
2024-02-06 23:15:00.341 [warning] [csharp]: Couldn't find message for key configuration.razor.server.trace.
2024-02-06 23:20:00.472 [warning] [cmake-tools]: Couldn't find message for key cmake-tools.configuration.cmake.options.advanced.statusBarVisibility.variant.description.
2024-02-06 23:20:00.476 [warning] [csharp]: Couldn't find message for key configuration.razor.server.trace.
2024-02-06 23:25:00.610 [warning] [cmake-tools]: Couldn't find message for key cmake-tools.configuration.cmake.options.advanced.statusBarVisibility.variant.description.
2024-02-06 23:25:00.613 [warning] [csharp]: Couldn't find message for key configuration.razor.server.trace.
2024-02-06 23:27:42.570 [warning] [cmake-tools]: Couldn't find message for key cmake-tools.configuration.cmake.options.advanced.statusBarVisibility.variant.description.
2024-02-06 23:27:42.574 [warning] [csharp]: Couldn't find message for key configuration.razor.server.trace.
2024-02-06 23:27:42.714 [warning] [cmake-tools]: Couldn't find message for key cmake-tools.configuration.cmake.options.advanced.statusBarVisibility.variant.description.
2024-02-06 23:27:42.715 [warning] [csharp]: Couldn't find message for key configuration.razor.server.trace.
2024-02-06 23:27:42.941 [warning] [cmake-tools]: Couldn't find message for key cmake-tools.configuration.cmake.options.advanced.statusBarVisibility.variant.description.
2024-02-06 23:27:42.949 [warning] [csharp]: Couldn't find message for key configuration.razor.server.trace.
2024-02-06 23:27:43.043 [error] [uncaught exception in sharedProcess]: Event not found: onDidChange: CodeExpectedError: Event not found: onDidChange
    at Object.listen (/opt/visual-studio-code-insiders/resources/app/out/vs/code/node/sharedProcess/sharedProcessMain.js:45:4960)
    at E.t (/opt/visual-studio-code-insiders/resources/app/out/vs/code/node/sharedProcess/sharedProcessMain.js:44:251)
    at E.q (/opt/visual-studio-code-insiders/resources/app/out/vs/code/node/sharedProcess/sharedProcessMain.js:43:4371)
    at y.value (/opt/visual-studio-code-insiders/resources/app/out/vs/code/node/sharedProcess/sharedProcessMain.js:43:3602)
    at d.y (/opt/visual-studio-code-insiders/resources/app/out/vs/code/node/sharedProcess/sharedProcessMain.js:38:1902)
    at d.z (/opt/visual-studio-code-insiders/resources/app/out/vs/code/node/sharedProcess/sharedProcessMain.js:38:1972)
    at d.fire (/opt/visual-studio-code-insiders/resources/app/out/vs/code/node/sharedProcess/sharedProcessMain.js:38:2188)
    at MessagePortMain.fe (/opt/visual-studio-code-insiders/resources/app/out/vs/code/node/sharedProcess/sharedProcessMain.js:36:30382)
    at MessagePortMain.emit (node:events:514:28)
    at Object.emit (node:electron/js2c/utility_init:2:2285)
2024-02-06 23:27:43.161 [warning] [cmake-tools]: Couldn't find message for key cmake-tools.configuration.cmake.options.advanced.statusBarVisibility.variant.description.
2024-02-06 23:27:43.166 [warning] [csharp]: Couldn't find message for key configuration.razor.server.trace.
2024-02-06 23:27:43.205 [warning] [cmake-tools]: Couldn't find message for key cmake-tools.configuration.cmake.options.advanced.statusBarVisibility.variant.description.
2024-02-06 23:27:43.208 [warning] [csharp]: Couldn't find message for key configuration.razor.server.trace.
2024-02-06 23:27:43.219 [warning] [cmake-tools]: Couldn't find message for key cmake-tools.configuration.cmake.options.advanced.statusBarVisibility.variant.description.
2024-02-06 23:27:43.223 [warning] [csharp]: Couldn't find message for key configuration.razor.server.trace.
2024-02-06 23:27:43.404 [warning] [cmake-tools]: Couldn't find message for key cmake-tools.configuration.cmake.options.advanced.statusBarVisibility.variant.description.
2024-02-06 23:27:43.405 [warning] [csharp]: Couldn't find message for key configuration.razor.server.trace.
2024-02-06 23:27:43.441 [warning] [cmake-tools]: Couldn't find message for key cmake-tools.configuration.cmake.options.advanced.statusBarVisibility.variant.description.
2024-02-06 23:27:43.443 [warning] [csharp]: Couldn't find message for key configuration.razor.server.trace.
2024-02-06 23:27:43.597 [warning] [cmake-tools]: Couldn't find message for key cmake-tools.configuration.cmake.options.advanced.statusBarVisibility.variant.description.
2024-02-06 23:27:43.599 [warning] [csharp]: Couldn't find message for key configuration.razor.server.trace.
2024-02-06 23:27:43.703 [warning] [cmake-tools]: Couldn't find message for key cmake-tools.configuration.cmake.options.advanced.statusBarVisibility.variant.description.
2024-02-06 23:27:43.704 [warning] [csharp]: Couldn't find message for key configuration.razor.server.trace.
2024-02-06 23:27:43.806 [warning] [cmake-tools]: Couldn't find message for key cmake-tools.configuration.cmake.options.advanced.statusBarVisibility.variant.description.
2024-02-06 23:27:43.808 [warning] [csharp]: Couldn't find message for key configuration.razor.server.trace.
2024-02-06 23:27:45.101 [warning] [cmake-tools]: Couldn't find message for key cmake-tools.configuration.cmake.options.advanced.statusBarVisibility.variant.description.
2024-02-06 23:27:45.102 [warning] [csharp]: Couldn't find message for key configuration.razor.server.trace.
2024-02-06 23:27:45.236 [warning] [cmake-tools]: Couldn't find message for key cmake-tools.configuration.cmake.options.advanced.statusBarVisibility.variant.description.
2024-02-06 23:27:45.238 [warning] [csharp]: Couldn't find message for key configuration.razor.server.trace.
2024-02-06 23:27:45.317 [warning] [cmake-tools]: Couldn't find message for key cmake-tools.configuration.cmake.options.advanced.statusBarVisibility.variant.description.
2024-02-06 23:27:45.318 [warning] [csharp]: Couldn't find message for key configuration.razor.server.trace.
2024-02-06 23:27:45.332 [warning] [cmake-tools]: Couldn't find message for key cmake-tools.configuration.cmake.options.advanced.statusBarVisibility.variant.description.
2024-02-06 23:27:45.336 [warning] [csharp]: Couldn't find message for key configuration.razor.server.trace.
2024-02-06 23:30:00.708 [warning] [cmake-tools]: Couldn't find message for key cmake-tools.configuration.cmake.options.advanced.statusBarVisibility.variant.description.
2024-02-06 23:30:00.712 [warning] [csharp]: Couldn't find message for key configuration.razor.server.trace.
2024-02-06 23:32:45.491 [warning] [cmake-tools]: Couldn't find message for key cmake-tools.configuration.cmake.options.advanced.statusBarVisibility.variant.description.
2024-02-06 23:32:45.503 [warning] [csharp]: Couldn't find message for key configuration.razor.server.trace.
2024-02-06 23:35:00.845 [warning] [cmake-tools]: Couldn't find message for key cmake-tools.configuration.cmake.options.advanced.statusBarVisibility.variant.description.
2024-02-06 23:35:00.848 [warning] [csharp]: Couldn't find message for key configuration.razor.server.trace.
2024-02-06 23:37:45.640 [warning] [cmake-tools]: Couldn't find message for key cmake-tools.configuration.cmake.options.advanced.statusBarVisibility.variant.description.
2024-02-06 23:37:45.643 [warning] [csharp]: Couldn't find message for key configuration.razor.server.trace.
2024-02-06 23:40:00.977 [warning] [cmake-tools]: Couldn't find message for key cmake-tools.configuration.cmake.options.advanced.statusBarVisibility.variant.description.
2024-02-06 23:40:00.980 [warning] [csharp]: Couldn't find message for key configuration.razor.server.trace.
2024-02-06 23:42:45.758 [warning] [cmake-tools]: Couldn't find message for key cmake-tools.configuration.cmake.options.advanced.statusBarVisibility.variant.description.
2024-02-06 23:42:45.759 [warning] [csharp]: Couldn't find message for key configuration.razor.server.trace.
2024-02-06 23:45:01.132 [warning] [cmake-tools]: Couldn't find message for key cmake-tools.configuration.cmake.options.advanced.statusBarVisibility.variant.description.
2024-02-06 23:45:01.135 [warning] [csharp]: Couldn't find message for key configuration.razor.server.trace.
2024-02-06 23:47:45.877 [warning] [cmake-tools]: Couldn't find message for key cmake-tools.configuration.cmake.options.advanced.statusBarVisibility.variant.description.
2024-02-06 23:47:45.883 [warning] [csharp]: Couldn't find message for key configuration.razor.server.trace.
2024-02-06 23:50:01.263 [warning] [cmake-tools]: Couldn't find message for key cmake-tools.configuration.cmake.options.advanced.statusBarVisibility.variant.description.
2024-02-06 23:50:01.268 [warning] [csharp]: Couldn't find message for key configuration.razor.server.trace.
2024-02-06 23:52:45.963 [warning] [cmake-tools]: Couldn't find message for key cmake-tools.configuration.cmake.options.advanced.statusBarVisibility.variant.description.
2024-02-06 23:52:45.966 [warning] [csharp]: Couldn't find message for key configuration.razor.server.trace.
2024-02-06 23:55:01.383 [warning] [cmake-tools]: Couldn't find message for key cmake-tools.configuration.cmake.options.advanced.statusBarVisibility.variant.description.
2024-02-06 23:55:01.386 [warning] [csharp]: Couldn't find message for key configuration.razor.server.trace.
2024-02-07 00:00:01.510 [warning] [cmake-tools]: Couldn't find message for key cmake-tools.configuration.cmake.options.advanced.statusBarVisibility.variant.description.
2024-02-07 00:00:01.514 [warning] [csharp]: Couldn't find message for key configuration.razor.server.trace.
2024-02-07 00:05:01.623 [warning] [cmake-tools]: Couldn't find message for key cmake-tools.configuration.cmake.options.advanced.statusBarVisibility.variant.description.
2024-02-07 00:05:01.625 [warning] [csharp]: Couldn't find message for key configuration.razor.server.trace.
2024-02-07 00:10:01.978 [warning] [cmake-tools]: Couldn't find message for key cmake-tools.configuration.cmake.options.advanced.statusBarVisibility.variant.description.
2024-02-07 00:10:01.981 [warning] [csharp]: Couldn't find message for key configuration.razor.server.trace.
2024-02-07 00:15:02.102 [warning] [cmake-tools]: Couldn't find message for key cmake-tools.configuration.cmake.options.advanced.statusBarVisibility.variant.description.
2024-02-07 00:15:02.107 [warning] [csharp]: Couldn't find message for key configuration.razor.server.trace.
2024-02-07 00:20:02.184 [warning] [cmake-tools]: Couldn't find message for key cmake-tools.configuration.cmake.options.advanced.statusBarVisibility.variant.description.
2024-02-07 00:20:02.187 [warning] [csharp]: Couldn't find message for key configuration.razor.server.trace.
2024-02-07 00:25:02.270 [warning] [cmake-tools]: Couldn't find message for key cmake-tools.configuration.cmake.options.advanced.statusBarVisibility.variant.description.
2024-02-07 00:25:02.273 [warning] [csharp]: Couldn't find message for key configuration.razor.server.trace.
2024-02-07 00:30:02.395 [warning] [cmake-tools]: Couldn't find message for key cmake-tools.configuration.cmake.options.advanced.statusBarVisibility.variant.description.
2024-02-07 00:30:02.398 [warning] [csharp]: Couldn't find message for key configuration.razor.server.trace.
2024-02-07 00:35:02.490 [warning] [cmake-tools]: Couldn't find message for key cmake-tools.configuration.cmake.options.advanced.statusBarVisibility.variant.description.
2024-02-07 00:35:02.492 [warning] [csharp]: Couldn't find message for key configuration.razor.server.trace.
2024-02-07 00:40:02.585 [warning] [cmake-tools]: Couldn't find message for key cmake-tools.configuration.cmake.options.advanced.statusBarVisibility.variant.description.
2024-02-07 00:40:02.590 [warning] [csharp]: Couldn't find message for key configuration.razor.server.trace.
2024-02-07 00:45:02.701 [warning] [cmake-tools]: Couldn't find message for key cmake-tools.configuration.cmake.options.advanced.statusBarVisibility.variant.description.
2024-02-07 00:45:02.704 [warning] [csharp]: Couldn't find message for key configuration.razor.server.trace.
2024-02-07 00:50:02.779 [warning] [cmake-tools]: Couldn't find message for key cmake-tools.configuration.cmake.options.advanced.statusBarVisibility.variant.description.
2024-02-07 00:50:02.781 [warning] [csharp]: Couldn't find message for key configuration.razor.server.trace.
2024-02-07 00:55:02.868 [warning] [cmake-tools]: Couldn't find message for key cmake-tools.configuration.cmake.options.advanced.statusBarVisibility.variant.description.
2024-02-07 00:55:02.870 [warning] [csharp]: Couldn't find message for key configuration.razor.server.trace.
2024-02-07 01:00:02.940 [warning] [cmake-tools]: Couldn't find message for key cmake-tools.configuration.cmake.options.advanced.statusBarVisibility.variant.description.
2024-02-07 01:00:02.943 [warning] [csharp]: Couldn't find message for key configuration.razor.server.trace.
2024-02-07 01:05:03.072 [warning] [cmake-tools]: Couldn't find message for key cmake-tools.configuration.cmake.options.advanced.statusBarVisibility.variant.description.
2024-02-07 01:05:03.075 [warning] [csharp]: Couldn't find message for key configuration.razor.server.trace.
2024-02-07 01:10:03.419 [warning] [cmake-tools]: Couldn't find message for key cmake-tools.configuration.cmake.options.advanced.statusBarVisibility.variant.description.
2024-02-07 01:10:03.421 [warning] [csharp]: Couldn't find message for key configuration.razor.server.trace.
2024-02-07 01:15:03.540 [warning] [cmake-tools]: Couldn't find message for key cmake-tools.configuration.cmake.options.advanced.statusBarVisibility.variant.description.
2024-02-07 01:15:03.544 [warning] [csharp]: Couldn't find message for key configuration.razor.server.trace.
2024-02-07 01:20:03.666 [warning] [cmake-tools]: Couldn't find message for key cmake-tools.configuration.cmake.options.advanced.statusBarVisibility.variant.description.
2024-02-07 01:20:03.673 [warning] [csharp]: Couldn't find message for key configuration.razor.server.trace.
2024-02-07 01:25:03.768 [warning] [cmake-tools]: Couldn't find message for key cmake-tools.configuration.cmake.options.advanced.statusBarVisibility.variant.description.
2024-02-07 01:25:03.770 [warning] [csharp]: Couldn't find message for key configuration.razor.server.trace.
2024-02-07 01:30:03.895 [warning] [cmake-tools]: Couldn't find message for key cmake-tools.configuration.cmake.options.advanced.statusBarVisibility.variant.description.
2024-02-07 01:30:03.897 [warning] [csharp]: Couldn't find message for key configuration.razor.server.trace.
2024-02-07 01:35:04.019 [warning] [cmake-tools]: Couldn't find message for key cmake-tools.configuration.cmake.options.advanced.statusBarVisibility.variant.description.
2024-02-07 01:35:04.022 [warning] [csharp]: Couldn't find message for key configuration.razor.server.trace.
2024-02-07 01:40:04.149 [warning] [cmake-tools]: Couldn't find message for key cmake-tools.configuration.cmake.options.advanced.statusBarVisibility.variant.description.
2024-02-07 01:40:04.155 [warning] [csharp]: Couldn't find message for key configuration.razor.server.trace.
2024-02-07 01:45:04.255 [warning] [cmake-tools]: Couldn't find message for key cmake-tools.configuration.cmake.options.advanced.statusBarVisibility.variant.description.
2024-02-07 01:45:04.258 [warning] [csharp]: Couldn't find message for key configuration.razor.server.trace.
