2024-02-07 01:48:47.054 [info] Log level: Info
2024-02-07 01:48:47.054 [info] Validating found git in: "git"
2024-02-07 01:48:47.054 [info] Using git "2.43.0" from "git"
2024-02-07 01:48:47.054 [info] > git rev-parse --show-toplevel [10ms]
2024-02-07 01:48:47.054 [info] fatal: not a git repository (or any parent up to mount point /)
Stopping at filesystem boundary (GIT_DISCOVERY_ACROSS_FILESYSTEM not set).
2024-02-07 01:48:47.054 [info] > git rev-parse --show-toplevel [4ms]
2024-02-07 01:48:47.054 [info] fatal: not a git repository (or any parent up to mount point /)
Stopping at filesystem boundary (GIT_DISCOVERY_ACROSS_FILESYSTEM not set).
2024-02-07 01:48:47.054 [info] > git rev-parse --show-toplevel [351ms]
2024-02-07 01:48:47.054 [info] fatal: not a git repository (or any parent up to mount point /)
Stopping at filesystem boundary (GIT_DISCOVERY_ACROSS_FILESYSTEM not set).
2024-02-07 01:48:47.054 [info] > git rev-parse --show-toplevel [7ms]
2024-02-07 01:48:47.054 [info] fatal: not a git repository (or any parent up to mount point /)
Stopping at filesystem boundary (GIT_DISCOVERY_ACROSS_FILESYSTEM not set).
2024-02-07 01:48:47.054 [info] > git rev-parse --show-toplevel [8ms]
2024-02-07 01:48:47.054 [info] fatal: not a git repository (or any parent up to mount point /)
Stopping at filesystem boundary (GIT_DISCOVERY_ACROSS_FILESYSTEM not set).
2024-02-07 01:48:47.086 [info] > git rev-parse --show-toplevel [22ms]
2024-02-07 01:48:47.086 [info] fatal: not a git repository (or any parent up to mount point /)
Stopping at filesystem boundary (GIT_DISCOVERY_ACROSS_FILESYSTEM not set).
2024-02-07 01:50:13.716 [info] > git rev-parse --show-toplevel [2ms]
2024-02-07 01:50:13.716 [info] fatal: not a git repository (or any parent up to mount point /)
Stopping at filesystem boundary (GIT_DISCOVERY_ACROSS_FILESYSTEM not set).
2024-02-07 01:50:15.012 [info] > git rev-parse --show-toplevel [2ms]
2024-02-07 01:50:15.012 [info] fatal: not a git repository (or any parent up to mount point /)
Stopping at filesystem boundary (GIT_DISCOVERY_ACROSS_FILESYSTEM not set).
2024-02-07 01:50:15.572 [info] > git rev-parse --show-toplevel [3ms]
2024-02-07 01:50:15.572 [info] fatal: not a git repository (or any parent up to mount point /)
Stopping at filesystem boundary (GIT_DISCOVERY_ACROSS_FILESYSTEM not set).
2024-02-07 01:51:33.861 [info] > git rev-parse --show-toplevel [3ms]
2024-02-07 01:51:33.861 [info] fatal: not a git repository (or any parent up to mount point /)
Stopping at filesystem boundary (GIT_DISCOVERY_ACROSS_FILESYSTEM not set).
2024-02-07 01:52:10.787 [info] > git rev-parse --show-toplevel [2ms]
2024-02-07 01:52:10.787 [info] fatal: not a git repository (or any parent up to mount point /)
Stopping at filesystem boundary (GIT_DISCOVERY_ACROSS_FILESYSTEM not set).
2024-02-07 01:52:14.675 [info] > git rev-parse --show-toplevel [8ms]
2024-02-07 01:52:14.675 [info] fatal: not a git repository (or any parent up to mount point /)
Stopping at filesystem boundary (GIT_DISCOVERY_ACROSS_FILESYSTEM not set).
2024-02-07 02:03:54.965 [info] > git rev-parse --show-toplevel [1ms]
2024-02-07 02:28:39.313 [info] > git rev-parse --show-toplevel [3ms]
2024-02-07 02:28:39.313 [info] fatal: not a git repository (or any parent up to mount point /)
Stopping at filesystem boundary (GIT_DISCOVERY_ACROSS_FILESYSTEM not set).
2024-02-07 02:28:39.980 [info] > git rev-parse --show-toplevel [3ms]
2024-02-07 02:28:39.980 [info] fatal: not a git repository (or any parent up to mount point /)
Stopping at filesystem boundary (GIT_DISCOVERY_ACROSS_FILESYSTEM not set).
