2024-02-06 22:15:31.469 [info] Extension host with pid 53062 started
2024-02-06 22:15:31.469 [info] Skipping acquiring lock for /home/btngana/.config/Code - Insiders/User/workspaceStorage/d62acd5e84ff7a295ad3f83ad9fa85d0.
2024-02-06 22:15:31.866 [info] ExtensionService#_doActivateExtension GrapeCity.gc-excelviewer, startup: false, activationEvent: 'onLanguage:plaintext'
2024-02-06 22:15:31.868 [info] ExtensionService#_doActivateExtension vscode.emmet, startup: false, activationEvent: 'onLanguage'
2024-02-06 22:15:31.872 [info] ExtensionService#_doActivateExtension ms-vscode.cpptools, startup: false, activationEvent: 'onLanguage:cpp'
2024-02-06 22:15:32.395 [info] ExtensionService#_doActivateExtension vscode.git-base, startup: true, activationEvent: '*', root cause: vscode.git
2024-02-06 22:15:32.396 [info] ExtensionService#_doActivateExtension mtxr.sqltools, startup: true, activationEvent: '*'
2024-02-06 22:15:32.411 [info] ExtensionService#_doActivateExtension naumovs.color-highlight, startup: true, activationEvent: '*'
2024-02-06 22:15:32.415 [info] ExtensionService#_doActivateExtension WallabyJs.quokka-vscode, startup: true, activationEvent: '*'
2024-02-06 22:15:32.583 [info] ExtensionService#_doActivateExtension vscode.git, startup: true, activationEvent: '*'
2024-02-06 22:15:32.607 [info] ExtensionService#_doActivateExtension vscode.github, startup: true, activationEvent: '*'
2024-02-06 22:15:32.747 [info] Eager extensions activated
2024-02-06 22:15:32.905 [info] ExtensionService#_doActivateExtension vscode.debug-auto-launch, startup: false, activationEvent: 'onStartupFinished'
2024-02-06 22:15:32.906 [info] ExtensionService#_doActivateExtension vscode.merge-conflict, startup: false, activationEvent: 'onStartupFinished'
2024-02-06 22:15:32.910 [info] ExtensionService#_doActivateExtension Catppuccin.catppuccin-vsc, startup: false, activationEvent: 'onStartupFinished'
2024-02-06 22:15:32.913 [info] ExtensionService#_doActivateExtension dbaeumer.vscode-eslint, startup: false, activationEvent: 'onStartupFinished'
2024-02-06 22:15:32.920 [info] ExtensionService#_doActivateExtension dsznajder.es7-react-js-snippets, startup: false, activationEvent: 'onStartupFinished'
2024-02-06 22:15:33.071 [info] ExtensionService#_doActivateExtension esbenp.prettier-vscode, startup: false, activationEvent: 'onStartupFinished'
2024-02-06 22:15:33.092 [info] ExtensionService#_doActivateExtension formulahendry.code-runner, startup: false, activationEvent: 'onStartupFinished'
2024-02-06 22:15:33.110 [info] ExtensionService#_doActivateExtension LeonardSSH.vscord, startup: false, activationEvent: 'onStartupFinished'
2024-02-06 22:15:33.124 [info] ExtensionService#_doActivateExtension ms-vscode-remote.remote-containers, startup: false, activationEvent: 'onStartupFinished'
2024-02-06 22:15:33.155 [info] ExtensionService#_doActivateExtension ms-vscode-remote.remote-wsl, startup: false, activationEvent: 'onStartupFinished'
2024-02-06 22:15:33.161 [info] ExtensionService#_doActivateExtension tonybaloney.vscode-pets, startup: false, activationEvent: 'onStartupFinished'
2024-02-06 22:15:33.168 [info] ExtensionService#_doActivateExtension usernamehw.errorlens, startup: false, activationEvent: 'onStartupFinished'
2024-02-06 22:15:33.170 [info] ExtensionService#_doActivateExtension vscode-icons-team.vscode-icons, startup: false, activationEvent: 'onStartupFinished'
2024-02-06 22:15:33.193 [info] ExtensionService#_doActivateExtension vscode.microsoft-authentication, startup: false, activationEvent: 'onAuthenticationRequest:microsoft'
2024-02-06 22:20:37.045 [info] Extension host terminating: renderer closed the MessagePort
2024-02-06 22:20:37.068 [error] Canceled: Canceled
    at new f (/opt/visual-studio-code-insiders/resources/app/out/vs/workbench/api/node/extensionHostProcess.js:140:45069)
    at d.U (/opt/visual-studio-code-insiders/resources/app/out/vs/workbench/api/node/extensionHostProcess.js:147:5557)
    at Proxy.T.<computed>.O.charCodeAt.T.<computed> (/opt/visual-studio-code-insiders/resources/app/out/vs/workbench/api/node/extensionHostProcess.js:147:3008)
    at s.g (/opt/visual-studio-code-insiders/resources/app/out/vs/workbench/api/node/extensionHostProcess.js:150:174704)
    at s.executeCommand (/opt/visual-studio-code-insiders/resources/app/out/vs/workbench/api/node/extensionHostProcess.js:150:174142)
    at m.registerCommand.description (/opt/visual-studio-code-insiders/resources/app/out/vs/workbench/api/node/extensionHostProcess.js:150:173466)
    at s.h (/opt/visual-studio-code-insiders/resources/app/out/vs/workbench/api/node/extensionHostProcess.js:150:175243)
    at s.g (/opt/visual-studio-code-insiders/resources/app/out/vs/workbench/api/node/extensionHostProcess.js:150:174235)
    at s.executeCommand (/opt/visual-studio-code-insiders/resources/app/out/vs/workbench/api/node/extensionHostProcess.js:150:174142)
    at Object.executeCommand (/opt/visual-studio-code-insiders/resources/app/out/vs/workbench/api/node/extensionHostProcess.js:160:21634)
    at Object.dispose (/home/btngana/.vscode-insiders/extensions/wallabyjs.quokka-vscode-1.0.625/dist/index.js:6:77986)
    at /home/btngana/.vscode-insiders/extensions/wallabyjs.quokka-vscode-1.0.625/dist/index.js:6:11944
    at Array.forEach (<anonymous>)
    at t.exports.dispose (/home/btngana/.vscode-insiders/extensions/wallabyjs.quokka-vscode-1.0.625/dist/index.js:6:11931)
    at I.deactivate (/home/btngana/.vscode-insiders/extensions/wallabyjs.quokka-vscode-1.0.625/dist/index.js:6:79253)
    at Object.dispose (/home/btngana/.vscode-insiders/extensions/wallabyjs.quokka-vscode-1.0.625/dist/index.js:6:1420)
    at /home/btngana/.vscode-insiders/extensions/wallabyjs.quokka-vscode-1.0.625/dist/index.js:6:11944
    at Array.forEach (<anonymous>)
    at t.exports.dispose (/home/btngana/.vscode-insiders/extensions/wallabyjs.quokka-vscode-1.0.625/dist/index.js:6:11931)
    at deactivate (/home/btngana/.vscode-insiders/extensions/wallabyjs.quokka-vscode-1.0.625/dist/index.js:6:1605)
    at Object.dispose (/home/btngana/.vscode-insiders/extensions/wallabyjs.quokka-vscode-1.0.625/dist/index.js:6:1680)
    at o (/opt/visual-studio-code-insiders/resources/app/out/vs/workbench/api/node/extensionHostProcess.js:30:754)
    at g.cb (/opt/visual-studio-code-insiders/resources/app/out/vs/workbench/api/node/extensionHostProcess.js:156:9874)
    at /opt/visual-studio-code-insiders/resources/app/out/vs/workbench/api/node/extensionHostProcess.js:156:7808
    at Array.map (<anonymous>)
    at g.Y (/opt/visual-studio-code-insiders/resources/app/out/vs/workbench/api/node/extensionHostProcess.js:156:7795)
    at g.terminate (/opt/visual-studio-code-insiders/resources/app/out/vs/workbench/api/node/extensionHostProcess.js:156:8068)
    at o.terminate (/opt/visual-studio-code-insiders/resources/app/out/vs/workbench/api/node/extensionHostProcess.js:160:1513)
    at t (/opt/visual-studio-code-insiders/resources/app/out/vs/workbench/api/node/extensionHostProcess.js:173:9950)
    at MessagePortMain.<anonymous> (/opt/visual-studio-code-insiders/resources/app/out/vs/workbench/api/node/extensionHostProcess.js:173:6375)
    at MessagePortMain.emit (node:events:514:28)
    at Object.emit (node:electron/js2c/utility_init:2:2285) setContext undefined
2024-02-06 22:20:37.145 [info] Extension host with pid 53062 exiting with code 0
