2024-02-06 23:27:51.683 [info] Name: autopep8
2024-02-06 23:27:51.683 [info] Module: autopep8
2024-02-06 23:27:51.683 [info] Default formatter is set to ms-python.python for workspace /home/btngana/tablet_testing
2024-02-06 23:27:51.683 [warning] autopep8 Formatter is NOT set as the default formatter for workspace /home/btngana/tablet_testing
2024-02-06 23:27:51.683 [warning] To set autopep8 Formatter as the default formatter, add the following to your settings.json file:
2024-02-06 23:27:51.683 [warning] 
"[python]": {
    "editor.defaultFormatter": "ms-python.autopep8"
}
2024-02-06 23:27:51.683 [info] Python extension loading
2024-02-06 23:27:51.683 [info] Waiting for interpreter from python extension.
2024-02-06 23:27:51.683 [info] No interpreter found from setting autopep8.interpreter
2024-02-06 23:27:51.683 [info] Getting interpreter from ms-python.python extension for workspace /home/btngana/tablet_testing
2024-02-06 23:27:51.683 [info] Python extension loaded
2024-02-06 23:27:51.683 [info] Interpreter from ms-python.python extension for /home/btngana/tablet_testing: /bin/python
2024-02-06 23:27:51.683 [info] No interpreter found from setting autopep8.interpreter
2024-02-06 23:27:51.683 [info] Getting interpreter from ms-python.python extension for workspace /home/btngana/tablet_testing
2024-02-06 23:27:51.683 [info] Interpreter from ms-python.python extension for /home/btngana/tablet_testing: /bin/python
2024-02-06 23:27:51.683 [info] Server run command: /bin/python /home/btngana/.vscode-insiders/extensions/ms-python.autopep8-2023.8.0/bundled/tool/lsp_server.py
2024-02-06 23:27:51.683 [info] Server: Start requested.
2024-02-06 23:27:52.263 [info] CWD Server: /home/btngana/tablet_testing
2024-02-06 23:27:52.264 [info] sys.path used to run Server:
   /home/btngana/.vscode-insiders/extensions/ms-python.autopep8-2023.8.0/bundled/libs
   /home/btngana/.vscode-insiders/extensions/ms-python.autopep8-2023.8.0/bundled/tool
   /usr/lib/python311.zip
   /usr/lib/python3.11
   /usr/lib/python3.11/lib-dynload
   /home/btngana/.local/lib/python3.11/site-packages
   /usr/lib/python3.11/site-packages
2024-02-06 23:27:52.264 [info] PYTHONPATH env variable used to run Server:
   /home/btngana/.vscode-insiders/extensions/ms-python.autopep8-2023.8.0/bundled/libs:
2024-02-06 23:27:52.264 [info] Settings used to run Server:
[
    {
        "cwd": "/home/btngana/tablet_testing",
        "workspace": "file:///home/btngana/tablet_testing",
        "args": [],
        "path": [],
        "interpreter": [
            "/bin/python"
        ],
        "importStrategy": "useBundled",
        "showNotifications": "off"
    }
]

2024-02-06 23:27:52.264 [info] Global settings:
{
    "cwd": "/home/btngana",
    "workspace": "/home/btngana",
    "args": [],
    "path": [],
    "interpreter": [],
    "importStrategy": "useBundled",
    "showNotifications": "off"
}

2024-02-06 23:27:52.268 [info] /bin/python -m autopep8 --version
2024-02-06 23:27:52.268 [info] CWD Server: /home/btngana/tablet_testing
2024-02-06 23:27:52.344 [info] Version info for formatter running for /home/btngana/tablet_testing:
autopep8 2.0.4 (pycodestyle: 2.11.1)

2024-02-06 23:27:52.344 [info] SUPPORTED autopep8>=1.7.0
FOUND autopep8==2.0.4

2024-02-06 23:27:52.344 [info] /bin/python -m autopep8 --version
2024-02-06 23:27:52.344 [info] CWD Server: /home/btngana/tablet_testing
2024-02-06 23:27:52.389 [info] Version info for formatter running for /home/btngana/tablet_testing:
autopep8 2.0.4 (pycodestyle: 2.11.1)

2024-02-06 23:27:52.389 [info] SUPPORTED autopep8>=1.7.0
FOUND autopep8==2.0.4

2024-02-06 23:29:11.075 [info] [Trace - 11:29:11 PM] Sending notification 'textDocument/didChange'.
2024-02-06 23:29:13.365 [info] [Trace - 11:29:13 PM] Sending notification 'textDocument/didChange'.
2024-02-06 23:55:40.511 [info] [Trace - 11:55:40 PM] Sending notification 'textDocument/didClose'.
2024-02-06 23:56:19.237 [info] [Trace - 11:56:19 PM] Sending request 'shutdown - (1)'.
2024-02-06 23:56:19.243 [info] [Trace - 11:56:19 PM] Received response 'shutdown - (1)' in 20ms.
2024-02-06 23:56:19.243 [info] [Trace - 11:56:19 PM] Sending notification 'exit'.
