2024-02-06 23:27:51.197 [info] Experiment 'pythonaacf' is active
2024-02-06 23:27:51.197 [info] Experiment 'pythonPromptNewFormatterExt' is active
2024-02-06 23:27:51.197 [info] Experiment 'pythonPromptNewToolsExt' is active
2024-02-06 23:27:51.197 [info] Experiment 'pythonTestAdapter' is active
2024-02-06 23:27:51.197 [info] Default formatter is set to ms-python.python for workspace /home/btngana/tablet_testing
2024-02-06 23:27:51.197 [error] The setting "editor.defaultFormatter" for Python is set to "ms-python.python" which is deprecated.
2024-02-06 23:27:51.197 [error] Formatting features have been moved to separate formatter extensions.
2024-02-06 23:27:51.197 [error] See here for more information: https://code.visualstudio.com/docs/python/formatting
2024-02-06 23:27:51.197 [error] Please install the formatter extension you prefer and set it as the default formatter.
2024-02-06 23:27:51.197 [error] For `autopep8` use: https://marketplace.visualstudio.com/items?itemName=ms-python.autopep8
2024-02-06 23:27:51.197 [error] For `black` use: https://marketplace.visualstudio.com/items?itemName=ms-python.black-formatter
2024-02-06 23:27:51.197 [error] For `yapf` use: https://marketplace.visualstudio.com/items?itemName=eeyore.yapf
2024-02-06 23:27:51.197 [info] Test server listening.
2024-02-06 23:27:51.238 [info] > /bin/python -I ~/.vscode-insiders/extensions/ms-python.python-2024.0.1/pythonFiles/get_output_via_markers.py ~/.vscode-insiders/extensions/ms-python.python-2024.0.1/pythonFiles/interpreterInfo.py
2024-02-06 23:27:51.302 [info] Python interpreter path: /bin/python
2024-02-06 23:27:51.669 [warning] Retry failed, storage update failed for key PYTHON_GLOBAL_STORAGE_KEYS
2024-02-06 23:27:51.669 [warning] Retry failed, storage update failed for key PYTHON_GLOBAL_STORAGE_KEYS
2024-02-06 23:27:51.669 [warning] Retry failed, storage update failed for key PYTHON_WORKSPACE_STORAGE_KEYS
2024-02-06 23:27:51.669 [warning] Retry failed, storage update failed for key PYTHON_WORKSPACE_STORAGE_KEYS
2024-02-06 23:27:51.669 [warning] Retry failed, storage update failed for key PYTHON_WORKSPACE_STORAGE_KEYS
2024-02-06 23:27:52.426 [info] Discover tests for workspace name: tablet_testing - uri: /home/btngana/tablet_testing/combine.py
2024-02-06 23:27:52.752 [info] Starting Pylance language server.
2024-02-06 23:27:58.763 [info] Discover tests for workspace name: tablet_testing - uri: /home/btngana/tablet_testing/combine.py
2024-02-06 23:29:12.340 [info] Discover tests for workspace name: tablet_testing - uri: /home/btngana/tablet_testing/combine.py
2024-02-06 23:29:14.644 [info] Discover tests for workspace name: tablet_testing - uri: /home/btngana/tablet_testing/combine.py
