2024-02-07 01:48:45.541 [warning] [cmake-tools]: Couldn't find message for key cmake-tools.configuration.cmake.options.advanced.statusBarVisibility.variant.description.
2024-02-07 01:48:45.548 [warning] [csharp]: Couldn't find message for key configuration.razor.server.trace.
2024-02-07 01:48:45.587 [warning] [cmake-tools]: Couldn't find message for key cmake-tools.configuration.cmake.options.advanced.statusBarVisibility.variant.description.
2024-02-07 01:48:45.591 [warning] [csharp]: Couldn't find message for key configuration.razor.server.trace.
2024-02-07 01:48:45.608 [warning] [cmake-tools]: Couldn't find message for key cmake-tools.configuration.cmake.options.advanced.statusBarVisibility.variant.description.
2024-02-07 01:48:45.611 [warning] [csharp]: Couldn't find message for key configuration.razor.server.trace.
2024-02-07 01:48:45.744 [warning] [csharp]: Couldn't find message for key configuration.razor.server.trace.
2024-02-07 01:48:45.746 [warning] [cmake-tools]: Couldn't find message for key cmake-tools.configuration.cmake.options.advanced.statusBarVisibility.variant.description.
2024-02-07 01:48:45.938 [warning] [cmake-tools]: Couldn't find message for key cmake-tools.configuration.cmake.options.advanced.statusBarVisibility.variant.description.
2024-02-07 01:48:45.940 [warning] [csharp]: Couldn't find message for key configuration.razor.server.trace.
2024-02-07 01:48:45.940 [warning] [cmake-tools]: Couldn't find message for key cmake-tools.configuration.cmake.options.advanced.statusBarVisibility.variant.description.
2024-02-07 01:48:45.942 [warning] [csharp]: Couldn't find message for key configuration.razor.server.trace.
2024-02-07 01:48:45.988 [warning] [cmake-tools]: Couldn't find message for key cmake-tools.configuration.cmake.options.advanced.statusBarVisibility.variant.description.
2024-02-07 01:48:45.992 [warning] [csharp]: Couldn't find message for key configuration.razor.server.trace.
2024-02-07 01:48:46.284 [warning] [cmake-tools]: Couldn't find message for key cmake-tools.configuration.cmake.options.advanced.statusBarVisibility.variant.description.
2024-02-07 01:48:46.294 [warning] [csharp]: Couldn't find message for key configuration.razor.server.trace.
2024-02-07 01:48:46.320 [warning] [cmake-tools]: Couldn't find message for key cmake-tools.configuration.cmake.options.advanced.statusBarVisibility.variant.description.
2024-02-07 01:48:46.324 [warning] [csharp]: Couldn't find message for key configuration.razor.server.trace.
2024-02-07 01:48:46.381 [warning] [cmake-tools]: Couldn't find message for key cmake-tools.configuration.cmake.options.advanced.statusBarVisibility.variant.description.
2024-02-07 01:48:46.382 [warning] [csharp]: Couldn't find message for key configuration.razor.server.trace.
2024-02-07 01:48:46.627 [error] [uncaught exception in sharedProcess]: Event not found: onDidChange: CodeExpectedError: Event not found: onDidChange
    at Object.listen (/opt/visual-studio-code-insiders/resources/app/out/vs/code/node/sharedProcess/sharedProcessMain.js:45:4960)
    at E.t (/opt/visual-studio-code-insiders/resources/app/out/vs/code/node/sharedProcess/sharedProcessMain.js:44:251)
    at E.q (/opt/visual-studio-code-insiders/resources/app/out/vs/code/node/sharedProcess/sharedProcessMain.js:43:4371)
    at y.value (/opt/visual-studio-code-insiders/resources/app/out/vs/code/node/sharedProcess/sharedProcessMain.js:43:3602)
    at d.y (/opt/visual-studio-code-insiders/resources/app/out/vs/code/node/sharedProcess/sharedProcessMain.js:38:1902)
    at d.z (/opt/visual-studio-code-insiders/resources/app/out/vs/code/node/sharedProcess/sharedProcessMain.js:38:1972)
    at d.fire (/opt/visual-studio-code-insiders/resources/app/out/vs/code/node/sharedProcess/sharedProcessMain.js:38:2188)
    at MessagePortMain.fe (/opt/visual-studio-code-insiders/resources/app/out/vs/code/node/sharedProcess/sharedProcessMain.js:36:30382)
    at MessagePortMain.emit (node:events:514:28)
    at Object.emit (node:electron/js2c/utility_init:2:2285)
2024-02-07 01:48:46.651 [warning] [cmake-tools]: Couldn't find message for key cmake-tools.configuration.cmake.options.advanced.statusBarVisibility.variant.description.
2024-02-07 01:48:46.655 [warning] [csharp]: Couldn't find message for key configuration.razor.server.trace.
2024-02-07 01:48:46.794 [warning] [cmake-tools]: Couldn't find message for key cmake-tools.configuration.cmake.options.advanced.statusBarVisibility.variant.description.
2024-02-07 01:48:46.797 [warning] [csharp]: Couldn't find message for key configuration.razor.server.trace.
2024-02-07 01:48:46.949 [warning] [cmake-tools]: Couldn't find message for key cmake-tools.configuration.cmake.options.advanced.statusBarVisibility.variant.description.
2024-02-07 01:48:46.954 [warning] [csharp]: Couldn't find message for key configuration.razor.server.trace.
2024-02-07 01:48:47.092 [warning] [cmake-tools]: Couldn't find message for key cmake-tools.configuration.cmake.options.advanced.statusBarVisibility.variant.description.
2024-02-07 01:48:47.096 [warning] [csharp]: Couldn't find message for key configuration.razor.server.trace.
2024-02-07 01:48:47.695 [warning] [cmake-tools]: Couldn't find message for key cmake-tools.configuration.cmake.options.advanced.statusBarVisibility.variant.description.
2024-02-07 01:48:47.700 [warning] [csharp]: Couldn't find message for key configuration.razor.server.trace.
2024-02-07 01:48:47.802 [warning] [cmake-tools]: Couldn't find message for key cmake-tools.configuration.cmake.options.advanced.statusBarVisibility.variant.description.
2024-02-07 01:48:47.805 [warning] [csharp]: Couldn't find message for key configuration.razor.server.trace.
2024-02-07 01:48:47.902 [warning] [cmake-tools]: Couldn't find message for key cmake-tools.configuration.cmake.options.advanced.statusBarVisibility.variant.description.
2024-02-07 01:48:47.903 [warning] [csharp]: Couldn't find message for key configuration.razor.server.trace.
2024-02-07 01:48:47.909 [warning] [cmake-tools]: Couldn't find message for key cmake-tools.configuration.cmake.options.advanced.statusBarVisibility.variant.description.
2024-02-07 01:48:47.912 [warning] [csharp]: Couldn't find message for key configuration.razor.server.trace.
2024-02-07 01:48:48.373 [warning] [cmake-tools]: Couldn't find message for key cmake-tools.configuration.cmake.options.advanced.statusBarVisibility.variant.description.
2024-02-07 01:48:48.376 [warning] [csharp]: Couldn't find message for key configuration.razor.server.trace.
2024-02-07 01:50:07.922 [warning] [cmake-tools]: Couldn't find message for key cmake-tools.configuration.cmake.options.advanced.statusBarVisibility.variant.description.
2024-02-07 01:50:07.924 [warning] [csharp]: Couldn't find message for key configuration.razor.server.trace.
2024-02-07 01:50:07.979 [warning] [cmake-tools]: Couldn't find message for key cmake-tools.configuration.cmake.options.advanced.statusBarVisibility.variant.description.
2024-02-07 01:50:07.982 [warning] [csharp]: Couldn't find message for key configuration.razor.server.trace.
2024-02-07 01:51:06.659 [warning] [cmake-tools]: Couldn't find message for key cmake-tools.configuration.cmake.options.advanced.statusBarVisibility.variant.description.
2024-02-07 01:51:06.662 [warning] [csharp]: Couldn't find message for key configuration.razor.server.trace.
2024-02-07 01:51:06.690 [warning] [cmake-tools]: Couldn't find message for key cmake-tools.configuration.cmake.options.advanced.statusBarVisibility.variant.description.
2024-02-07 01:51:06.690 [warning] [csharp]: Couldn't find message for key configuration.razor.server.trace.
2024-02-07 01:51:06.730 [warning] [cmake-tools]: Couldn't find message for key cmake-tools.configuration.cmake.options.advanced.statusBarVisibility.variant.description.
2024-02-07 01:51:06.733 [warning] [csharp]: Couldn't find message for key configuration.razor.server.trace.
2024-02-07 01:53:48.034 [warning] [cmake-tools]: Couldn't find message for key cmake-tools.configuration.cmake.options.advanced.statusBarVisibility.variant.description.
2024-02-07 01:53:48.038 [warning] [csharp]: Couldn't find message for key configuration.razor.server.trace.
2024-02-07 01:58:48.148 [warning] [cmake-tools]: Couldn't find message for key cmake-tools.configuration.cmake.options.advanced.statusBarVisibility.variant.description.
2024-02-07 01:58:48.152 [warning] [csharp]: Couldn't find message for key configuration.razor.server.trace.
2024-02-07 02:03:48.271 [warning] [cmake-tools]: Couldn't find message for key cmake-tools.configuration.cmake.options.advanced.statusBarVisibility.variant.description.
2024-02-07 02:03:48.274 [warning] [csharp]: Couldn't find message for key configuration.razor.server.trace.
2024-02-07 02:08:48.788 [warning] [cmake-tools]: Couldn't find message for key cmake-tools.configuration.cmake.options.advanced.statusBarVisibility.variant.description.
2024-02-07 02:08:48.789 [warning] [csharp]: Couldn't find message for key configuration.razor.server.trace.
2024-02-07 02:13:48.918 [warning] [cmake-tools]: Couldn't find message for key cmake-tools.configuration.cmake.options.advanced.statusBarVisibility.variant.description.
2024-02-07 02:13:48.920 [warning] [csharp]: Couldn't find message for key configuration.razor.server.trace.
2024-02-07 02:18:49.025 [warning] [cmake-tools]: Couldn't find message for key cmake-tools.configuration.cmake.options.advanced.statusBarVisibility.variant.description.
2024-02-07 02:18:49.027 [warning] [csharp]: Couldn't find message for key configuration.razor.server.trace.
2024-02-07 02:23:49.166 [warning] [cmake-tools]: Couldn't find message for key cmake-tools.configuration.cmake.options.advanced.statusBarVisibility.variant.description.
2024-02-07 02:23:49.167 [warning] [csharp]: Couldn't find message for key configuration.razor.server.trace.
