2024-02-06 22:24:58.677 [info] Log level: Info
2024-02-06 22:24:58.677 [info] Validating found git in: "git"
2024-02-06 22:24:58.677 [info] Using git "2.43.0" from "git"
2024-02-06 22:24:58.677 [info] > git rev-parse --show-toplevel [4ms]
2024-02-06 22:24:58.677 [info] fatal: not a git repository (or any parent up to mount point /)
Stopping at filesystem boundary (GIT_DISCOVERY_ACROSS_FILESYSTEM not set).
2024-02-06 22:24:58.677 [info] > git rev-parse --show-toplevel [699ms]
2024-02-06 22:24:58.677 [info] fatal: not a git repository (or any of the parent directories): .git
2024-02-06 22:24:58.678 [info] > git rev-parse --show-toplevel [32ms]
2024-02-06 22:24:58.678 [info] fatal: not a git repository (or any parent up to mount point /)
Stopping at filesystem boundary (GIT_DISCOVERY_ACROSS_FILESYSTEM not set).
2024-02-06 22:24:58.714 [info] > git rev-parse --show-toplevel [6ms]
2024-02-06 22:24:58.714 [info] fatal: not a git repository (or any parent up to mount point /)
Stopping at filesystem boundary (GIT_DISCOVERY_ACROSS_FILESYSTEM not set).
2024-02-06 22:24:58.756 [info] > git rev-parse --show-toplevel [2ms]
2024-02-06 22:24:58.756 [info] fatal: not a git repository (or any parent up to mount point /)
Stopping at filesystem boundary (GIT_DISCOVERY_ACROSS_FILESYSTEM not set).
2024-02-06 22:24:58.852 [info] > git rev-parse --show-toplevel [86ms]
2024-02-06 22:24:58.852 [info] fatal: not a git repository (or any parent up to mount point /)
Stopping at filesystem boundary (GIT_DISCOVERY_ACROSS_FILESYSTEM not set).
2024-02-06 22:24:58.881 [info] > git rev-parse --show-toplevel [4ms]
2024-02-06 22:24:58.881 [info] fatal: not a git repository (or any parent up to mount point /)
Stopping at filesystem boundary (GIT_DISCOVERY_ACROSS_FILESYSTEM not set).
2024-02-06 22:24:58.912 [info] > git rev-parse --show-toplevel [25ms]
2024-02-06 22:24:58.912 [info] fatal: not a git repository (or any parent up to mount point /)
Stopping at filesystem boundary (GIT_DISCOVERY_ACROSS_FILESYSTEM not set).
2024-02-06 22:25:00.837 [info] > git rev-parse --show-toplevel [5ms]
2024-02-06 22:25:00.837 [info] fatal: not a git repository (or any of the parent directories): .git
2024-02-06 22:25:01.754 [info] > git rev-parse --show-toplevel [1ms]
2024-02-06 22:25:01.754 [info] fatal: not a git repository (or any parent up to mount point /)
Stopping at filesystem boundary (GIT_DISCOVERY_ACROSS_FILESYSTEM not set).
2024-02-06 22:29:31.819 [info] > git rev-parse --show-toplevel [3ms]
2024-02-06 22:29:31.819 [info] fatal: not a git repository (or any parent up to mount point /)
Stopping at filesystem boundary (GIT_DISCOVERY_ACROSS_FILESYSTEM not set).
2024-02-06 22:30:08.507 [info] > git rev-parse --show-toplevel [2ms]
2024-02-06 22:30:08.507 [info] fatal: not a git repository (or any parent up to mount point /)
Stopping at filesystem boundary (GIT_DISCOVERY_ACROSS_FILESYSTEM not set).
2024-02-06 22:30:09.884 [info] > git rev-parse --show-toplevel [3ms]
2024-02-06 22:30:09.884 [info] fatal: not a git repository (or any parent up to mount point /)
Stopping at filesystem boundary (GIT_DISCOVERY_ACROSS_FILESYSTEM not set).
2024-02-06 22:30:14.195 [info] > git rev-parse --show-toplevel [3ms]
2024-02-06 22:30:14.195 [info] fatal: not a git repository (or any parent up to mount point /)
Stopping at filesystem boundary (GIT_DISCOVERY_ACROSS_FILESYSTEM not set).
2024-02-06 22:30:15.048 [info] > git rev-parse --show-toplevel [2ms]
2024-02-06 22:30:15.048 [info] fatal: not a git repository (or any parent up to mount point /)
Stopping at filesystem boundary (GIT_DISCOVERY_ACROSS_FILESYSTEM not set).
2024-02-06 22:30:16.175 [info] > git rev-parse --show-toplevel [2ms]
2024-02-06 22:30:16.175 [info] fatal: not a git repository (or any parent up to mount point /)
Stopping at filesystem boundary (GIT_DISCOVERY_ACROSS_FILESYSTEM not set).
2024-02-06 22:30:20.705 [info] > git rev-parse --show-toplevel [3ms]
2024-02-06 22:30:20.705 [info] fatal: not a git repository (or any parent up to mount point /)
Stopping at filesystem boundary (GIT_DISCOVERY_ACROSS_FILESYSTEM not set).
2024-02-06 22:30:24.474 [info] > git rev-parse --show-toplevel [2ms]
2024-02-06 22:30:24.474 [info] fatal: not a git repository (or any parent up to mount point /)
Stopping at filesystem boundary (GIT_DISCOVERY_ACROSS_FILESYSTEM not set).
2024-02-06 22:30:54.769 [info] > git rev-parse --show-toplevel [4ms]
2024-02-06 22:30:54.769 [info] fatal: not a git repository (or any parent up to mount point /)
Stopping at filesystem boundary (GIT_DISCOVERY_ACROSS_FILESYSTEM not set).
2024-02-06 22:30:57.036 [info] > git rev-parse --show-toplevel [4ms]
2024-02-06 22:30:57.036 [info] fatal: not a git repository (or any parent up to mount point /)
Stopping at filesystem boundary (GIT_DISCOVERY_ACROSS_FILESYSTEM not set).
2024-02-06 22:31:01.515 [info] > git rev-parse --show-toplevel [3ms]
2024-02-06 22:31:01.515 [info] fatal: not a git repository (or any parent up to mount point /)
Stopping at filesystem boundary (GIT_DISCOVERY_ACROSS_FILESYSTEM not set).
2024-02-06 22:31:26.068 [info] > git rev-parse --show-toplevel [3ms]
2024-02-06 22:31:26.068 [info] fatal: not a git repository (or any parent up to mount point /)
Stopping at filesystem boundary (GIT_DISCOVERY_ACROSS_FILESYSTEM not set).
2024-02-07 00:50:07.896 [info] > git rev-parse --show-toplevel [1ms]
2024-02-07 00:50:07.896 [info] fatal: not a git repository (or any parent up to mount point /)
Stopping at filesystem boundary (GIT_DISCOVERY_ACROSS_FILESYSTEM not set).
2024-02-07 00:50:19.059 [info] > git rev-parse --show-toplevel [2ms]
2024-02-07 00:50:19.059 [info] fatal: not a git repository (or any parent up to mount point /)
Stopping at filesystem boundary (GIT_DISCOVERY_ACROSS_FILESYSTEM not set).
2024-02-07 01:46:45.644 [info] > git rev-parse --show-toplevel [2ms]
2024-02-07 01:46:45.644 [info] fatal: not a git repository (or any parent up to mount point /)
Stopping at filesystem boundary (GIT_DISCOVERY_ACROSS_FILESYSTEM not set).
2024-02-07 01:46:55.609 [info] > git rev-parse --show-toplevel [1ms]
2024-02-07 01:46:55.609 [info] fatal: not a git repository (or any parent up to mount point /)
Stopping at filesystem boundary (GIT_DISCOVERY_ACROSS_FILESYSTEM not set).
2024-02-07 01:46:57.761 [info] > git rev-parse --show-toplevel [2ms]
2024-02-07 01:46:57.761 [info] fatal: not a git repository (or any parent up to mount point /)
Stopping at filesystem boundary (GIT_DISCOVERY_ACROSS_FILESYSTEM not set).
2024-02-07 01:47:35.570 [info] > git rev-parse --show-toplevel [1ms]
2024-02-07 01:47:35.570 [info] fatal: not a git repository (or any parent up to mount point /)
Stopping at filesystem boundary (GIT_DISCOVERY_ACROSS_FILESYSTEM not set).
2024-02-07 01:47:37.744 [info] > git rev-parse --show-toplevel [3ms]
2024-02-07 01:47:37.744 [info] fatal: not a git repository (or any parent up to mount point /)
Stopping at filesystem boundary (GIT_DISCOVERY_ACROSS_FILESYSTEM not set).
2024-02-07 01:47:39.048 [info] > git rev-parse --show-toplevel [2ms]
2024-02-07 01:47:39.048 [info] fatal: not a git repository (or any parent up to mount point /)
Stopping at filesystem boundary (GIT_DISCOVERY_ACROSS_FILESYSTEM not set).
2024-02-07 01:47:42.419 [info] > git rev-parse --show-toplevel [3ms]
2024-02-07 01:47:42.419 [info] fatal: not a git repository (or any parent up to mount point /)
Stopping at filesystem boundary (GIT_DISCOVERY_ACROSS_FILESYSTEM not set).
