2024-02-06 23:27:42.396 [info] Added views:workbench.panel.markers.view in workbench.panel.markers
2024-02-06 23:27:42.396 [info] Added views:workbench.panel.output in workbench.panel.output
2024-02-06 23:27:42.396 [info] Added views:terminal in terminal
2024-02-06 23:27:42.396 [info] Added views:outline in workbench.view.explorer
2024-02-06 23:27:42.396 [info] Added views:workbench.scm in workbench.view.scm
2024-02-06 23:27:42.396 [info] Added views:workbench.view.search in workbench.view.search
2024-02-06 23:27:42.396 [info] Added views:timeline in workbench.view.explorer
2024-02-06 23:27:42.396 [info] Added views:workbench.explorer.fileView in workbench.view.explorer
2024-02-06 23:27:42.577 [info] Added views:sshfs-configs,sshfs-connections in workbench.view.extension.sshfs
2024-02-06 23:27:42.577 [info] Added views:targetsContainers,devVolumes in workbench.view.remote
2024-02-06 23:27:42.577 [info] Added views:remoteTargets in workbench.view.remote
2024-02-06 23:27:42.577 [info] Added views:remoteHub.views.workspaceRepositories in workbench.view.remote
2024-02-06 23:27:42.782 [info] Added views:workbench.debug.variablesView,workbench.debug.watchExpressionsView,workbench.debug.callStackView,workbench.debug.breakPointsView in workbench.view.debug
2024-02-06 23:27:42.843 [info] Added views:workbench.panel.repl.view in workbench.panel.repl
2024-02-06 23:27:42.845 [info] Removed views:workbench.debug.breakPointsView,workbench.debug.callStackView,workbench.debug.watchExpressionsView,workbench.debug.variablesView from workbench.view.debug
2024-02-06 23:27:42.845 [info] Added views:workbench.debug.welcome in workbench.view.debug
2024-02-06 23:27:42.938 [info] Added views:~remote.forwardedPorts in ~remote.forwardedPortsContainer
2024-02-06 23:27:44.932 [info] Added views:PowerShellCommands in workbench.view.extension.PowerShell
2024-02-06 23:27:44.933 [info] Added views:sqltoolsViewConnectionExplorer,sqltoolsViewBookmarksExplorer,sqltoolsViewHistoryExplorer in workbench.view.extension.sqltoolsActivityBarContainer
2024-02-06 23:27:44.933 [info] Added views:sqltoolsViewConsoleMessages in workbench.view.extension.sqltoolsPanelContainer
2024-02-06 23:27:45.265 [info] Added views:petsView in workbench.view.explorer
2024-02-06 23:27:51.234 [info] Added views:workbench.view.testing in workbench.view.extension.test
2024-02-06 23:56:19.209 [info] Removed views:workbench.view.testing from workbench.view.extension.test
