2024-02-06 20:39:18.227 [warning] [cmake-tools]: Couldn't find message for key cmake-tools.configuration.cmake.options.advanced.statusBarVisibility.variant.description.
2024-02-06 20:39:18.232 [warning] [csharp]: Couldn't find message for key configuration.razor.server.trace.
2024-02-06 20:39:18.252 [warning] [cmake-tools]: Couldn't find message for key cmake-tools.configuration.cmake.options.advanced.statusBarVisibility.variant.description.
2024-02-06 20:39:18.255 [warning] [csharp]: Couldn't find message for key configuration.razor.server.trace.
2024-02-06 20:39:18.262 [warning] [csharp]: Couldn't find message for key configuration.razor.server.trace.
2024-02-06 20:39:18.264 [warning] [cmake-tools]: Couldn't find message for key cmake-tools.configuration.cmake.options.advanced.statusBarVisibility.variant.description.
2024-02-06 20:39:18.328 [warning] [csharp]: Couldn't find message for key configuration.razor.server.trace.
2024-02-06 20:39:18.332 [warning] [cmake-tools]: Couldn't find message for key cmake-tools.configuration.cmake.options.advanced.statusBarVisibility.variant.description.
2024-02-06 20:39:18.603 [error] [uncaught exception in sharedProcess]: Event not found: onDidChange: CodeExpectedError: Event not found: onDidChange
    at Object.listen (/opt/visual-studio-code-insiders/resources/app/out/vs/code/node/sharedProcess/sharedProcessMain.js:45:4959)
    at E.t (/opt/visual-studio-code-insiders/resources/app/out/vs/code/node/sharedProcess/sharedProcessMain.js:44:251)
    at E.q (/opt/visual-studio-code-insiders/resources/app/out/vs/code/node/sharedProcess/sharedProcessMain.js:43:4371)
    at w.value (/opt/visual-studio-code-insiders/resources/app/out/vs/code/node/sharedProcess/sharedProcessMain.js:43:3602)
    at d.y (/opt/visual-studio-code-insiders/resources/app/out/vs/code/node/sharedProcess/sharedProcessMain.js:38:1902)
    at d.z (/opt/visual-studio-code-insiders/resources/app/out/vs/code/node/sharedProcess/sharedProcessMain.js:38:1972)
    at d.fire (/opt/visual-studio-code-insiders/resources/app/out/vs/code/node/sharedProcess/sharedProcessMain.js:38:2188)
    at MessagePortMain.de (/opt/visual-studio-code-insiders/resources/app/out/vs/code/node/sharedProcess/sharedProcessMain.js:36:30422)
    at MessagePortMain.emit (node:events:514:28)
    at Object.emit (node:electron/js2c/utility_init:2:2285)
2024-02-06 20:39:18.611 [warning] [cmake-tools]: Couldn't find message for key cmake-tools.configuration.cmake.options.advanced.statusBarVisibility.variant.description.
2024-02-06 20:39:18.613 [warning] [csharp]: Couldn't find message for key configuration.razor.server.trace.
2024-02-06 20:39:18.648 [warning] [cmake-tools]: Couldn't find message for key cmake-tools.configuration.cmake.options.advanced.statusBarVisibility.variant.description.
2024-02-06 20:39:18.655 [warning] [csharp]: Couldn't find message for key configuration.razor.server.trace.
2024-02-06 20:39:18.692 [warning] [cmake-tools]: Couldn't find message for key cmake-tools.configuration.cmake.options.advanced.statusBarVisibility.variant.description.
2024-02-06 20:39:18.694 [warning] [csharp]: Couldn't find message for key configuration.razor.server.trace.
2024-02-06 20:39:18.727 [warning] [cmake-tools]: Couldn't find message for key cmake-tools.configuration.cmake.options.advanced.statusBarVisibility.variant.description.
2024-02-06 20:39:18.729 [warning] [csharp]: Couldn't find message for key configuration.razor.server.trace.
2024-02-06 20:39:18.735 [info] Deleted uninstalled extension from disk ms-dotnettools.vscode-dotnet-runtime /home/btngana/.vscode-insiders/extensions/ms-dotnettools.vscode-dotnet-runtime-2.0.0
2024-02-06 20:39:18.779 [warning] [cmake-tools]: Couldn't find message for key cmake-tools.configuration.cmake.options.advanced.statusBarVisibility.variant.description.
2024-02-06 20:39:18.782 [warning] [csharp]: Couldn't find message for key configuration.razor.server.trace.
2024-02-06 20:39:18.827 [warning] [cmake-tools]: Couldn't find message for key cmake-tools.configuration.cmake.options.advanced.statusBarVisibility.variant.description.
2024-02-06 20:39:18.830 [warning] [csharp]: Couldn't find message for key configuration.razor.server.trace.
2024-02-06 20:39:19.024 [warning] [cmake-tools]: Couldn't find message for key cmake-tools.configuration.cmake.options.advanced.statusBarVisibility.variant.description.
2024-02-06 20:39:19.025 [warning] [csharp]: Couldn't find message for key configuration.razor.server.trace.
2024-02-06 20:39:19.182 [warning] [cmake-tools]: Couldn't find message for key cmake-tools.configuration.cmake.options.advanced.statusBarVisibility.variant.description.
2024-02-06 20:39:19.185 [warning] [csharp]: Couldn't find message for key configuration.razor.server.trace.
2024-02-06 20:39:19.309 [warning] [cmake-tools]: Couldn't find message for key cmake-tools.configuration.cmake.options.advanced.statusBarVisibility.variant.description.
2024-02-06 20:39:19.311 [warning] [csharp]: Couldn't find message for key configuration.razor.server.trace.
2024-02-06 20:39:19.425 [warning] [cmake-tools]: Couldn't find message for key cmake-tools.configuration.cmake.options.advanced.statusBarVisibility.variant.description.
2024-02-06 20:39:19.427 [warning] [csharp]: Couldn't find message for key configuration.razor.server.trace.
2024-02-06 20:39:19.567 [warning] [cmake-tools]: Couldn't find message for key cmake-tools.configuration.cmake.options.advanced.statusBarVisibility.variant.description.
2024-02-06 20:39:19.574 [warning] [csharp]: Couldn't find message for key configuration.razor.server.trace.
2024-02-06 20:39:20.401 [warning] [cmake-tools]: Couldn't find message for key cmake-tools.configuration.cmake.options.advanced.statusBarVisibility.variant.description.
2024-02-06 20:39:20.403 [warning] [csharp]: Couldn't find message for key configuration.razor.server.trace.
2024-02-06 20:39:20.475 [warning] [cmake-tools]: Couldn't find message for key cmake-tools.configuration.cmake.options.advanced.statusBarVisibility.variant.description.
2024-02-06 20:39:20.477 [warning] [csharp]: Couldn't find message for key configuration.razor.server.trace.
2024-02-06 20:39:20.568 [warning] [cmake-tools]: Couldn't find message for key cmake-tools.configuration.cmake.options.advanced.statusBarVisibility.variant.description.
2024-02-06 20:39:20.568 [warning] [csharp]: Couldn't find message for key configuration.razor.server.trace.
2024-02-06 20:39:20.578 [warning] [cmake-tools]: Couldn't find message for key cmake-tools.configuration.cmake.options.advanced.statusBarVisibility.variant.description.
2024-02-06 20:39:20.579 [warning] [csharp]: Couldn't find message for key configuration.razor.server.trace.
2024-02-06 20:39:21.234 [warning] [cmake-tools]: Couldn't find message for key cmake-tools.configuration.cmake.options.advanced.statusBarVisibility.variant.description.
2024-02-06 20:39:21.246 [warning] [csharp]: Couldn't find message for key configuration.razor.server.trace.
2024-02-06 20:39:24.403 [info] Getting Manifest... lefd.sweetdracula-monokai
2024-02-06 20:39:24.406 [info] Getting Manifest... ms-python.python
2024-02-06 20:39:24.408 [info] Getting Manifest... ms-vscode-remote.remote-containers
2024-02-06 20:39:24.412 [info] Getting Manifest... ms-vscode-remote.remote-ssh
2024-02-06 20:39:24.414 [info] Getting Manifest... ms-vscode-remote.remote-wsl
2024-02-06 20:39:24.416 [info] Getting Manifest... wallabyjs.quokka-vscode
2024-02-06 20:39:24.671 [info] Installing extension: ms-vscode-remote.remote-containers
2024-02-06 20:39:24.672 [info] Installing extension: wallabyjs.quokka-vscode
2024-02-06 20:39:24.683 [info] Installing extension: ms-vscode-remote.remote-wsl
2024-02-06 20:39:24.751 [info] Installing extension: ms-python.python
2024-02-06 20:39:24.838 [warning] [cmake-tools]: Couldn't find message for key cmake-tools.configuration.cmake.options.advanced.statusBarVisibility.variant.description.
2024-02-06 20:39:24.840 [warning] [csharp]: Couldn't find message for key configuration.razor.server.trace.
2024-02-06 20:39:24.847 [warning] [cmake-tools]: Couldn't find message for key cmake-tools.configuration.cmake.options.advanced.statusBarVisibility.variant.description.
2024-02-06 20:39:24.849 [warning] [csharp]: Couldn't find message for key configuration.razor.server.trace.
2024-02-06 20:39:24.893 [warning] [cmake-tools]: Couldn't find message for key cmake-tools.configuration.cmake.options.advanced.statusBarVisibility.variant.description.
2024-02-06 20:39:24.894 [warning] [csharp]: Couldn't find message for key configuration.razor.server.trace.
2024-02-06 20:39:24.943 [warning] [cmake-tools]: Couldn't find message for key cmake-tools.configuration.cmake.options.advanced.statusBarVisibility.variant.description.
2024-02-06 20:39:24.944 [warning] [csharp]: Couldn't find message for key configuration.razor.server.trace.
2024-02-06 20:39:25.090 [warning] [cmake-tools]: Couldn't find message for key cmake-tools.configuration.cmake.options.advanced.statusBarVisibility.variant.description.
2024-02-06 20:39:25.091 [warning] [csharp]: Couldn't find message for key configuration.razor.server.trace.
2024-02-06 20:39:25.102 [warning] [cmake-tools]: Couldn't find message for key cmake-tools.configuration.cmake.options.advanced.statusBarVisibility.variant.description.
2024-02-06 20:39:25.106 [warning] [csharp]: Couldn't find message for key configuration.razor.server.trace.
2024-02-06 20:39:25.125 [warning] [cmake-tools]: Couldn't find message for key cmake-tools.configuration.cmake.options.advanced.statusBarVisibility.variant.description.
2024-02-06 20:39:25.127 [warning] [csharp]: Couldn't find message for key configuration.razor.server.trace.
2024-02-06 20:39:25.177 [info] Installing extension: ms-vscode-remote.remote-ssh
2024-02-06 20:39:25.291 [warning] [cmake-tools]: Couldn't find message for key cmake-tools.configuration.cmake.options.advanced.statusBarVisibility.variant.description.
2024-02-06 20:39:25.293 [warning] [csharp]: Couldn't find message for key configuration.razor.server.trace.
2024-02-06 20:39:25.329 [warning] [cmake-tools]: Couldn't find message for key cmake-tools.configuration.cmake.options.advanced.statusBarVisibility.variant.description.
2024-02-06 20:39:25.331 [warning] [csharp]: Couldn't find message for key configuration.razor.server.trace.
2024-02-06 20:39:25.356 [warning] [cmake-tools]: Couldn't find message for key cmake-tools.configuration.cmake.options.advanced.statusBarVisibility.variant.description.
2024-02-06 20:39:25.357 [warning] [csharp]: Couldn't find message for key configuration.razor.server.trace.
2024-02-06 20:39:25.379 [warning] [cmake-tools]: Couldn't find message for key cmake-tools.configuration.cmake.options.advanced.statusBarVisibility.variant.description.
2024-02-06 20:39:25.380 [warning] [csharp]: Couldn't find message for key configuration.razor.server.trace.
2024-02-06 20:39:25.425 [info] Getting Manifest... ms-python.debugpy
2024-02-06 20:39:25.449 [warning] [cmake-tools]: Couldn't find message for key cmake-tools.configuration.cmake.options.advanced.statusBarVisibility.variant.description.
2024-02-06 20:39:25.450 [warning] [csharp]: Couldn't find message for key configuration.razor.server.trace.
2024-02-06 20:39:25.508 [warning] [cmake-tools]: Couldn't find message for key cmake-tools.configuration.cmake.options.advanced.statusBarVisibility.variant.description.
2024-02-06 20:39:25.509 [warning] [csharp]: Couldn't find message for key configuration.razor.server.trace.
2024-02-06 20:39:25.733 [info] Installing extension: lefd.sweetdracula-monokai
2024-02-06 20:39:25.821 [warning] [cmake-tools]: Couldn't find message for key cmake-tools.configuration.cmake.options.advanced.statusBarVisibility.variant.description.
2024-02-06 20:39:25.824 [warning] [csharp]: Couldn't find message for key configuration.razor.server.trace.
2024-02-06 20:39:25.920 [warning] [cmake-tools]: Couldn't find message for key cmake-tools.configuration.cmake.options.advanced.statusBarVisibility.variant.description.
2024-02-06 20:39:25.922 [warning] [csharp]: Couldn't find message for key configuration.razor.server.trace.
2024-02-06 20:39:25.941 [warning] [cmake-tools]: Couldn't find message for key cmake-tools.configuration.cmake.options.advanced.statusBarVisibility.variant.description.
2024-02-06 20:39:25.943 [warning] [csharp]: Couldn't find message for key configuration.razor.server.trace.
2024-02-06 20:39:25.951 [info] Installing extension: ms-python.debugpy ms-python.python
2024-02-06 20:39:26.041 [warning] [cmake-tools]: Couldn't find message for key cmake-tools.configuration.cmake.options.advanced.statusBarVisibility.variant.description.
2024-02-06 20:39:26.043 [warning] [csharp]: Couldn't find message for key configuration.razor.server.trace.
2024-02-06 20:39:26.060 [warning] [cmake-tools]: Couldn't find message for key cmake-tools.configuration.cmake.options.advanced.statusBarVisibility.variant.description.
2024-02-06 20:39:26.062 [warning] [csharp]: Couldn't find message for key configuration.razor.server.trace.
2024-02-06 20:39:28.145 [warning] Extension signature verification failed with error 'UnknownError': lefd.sweetdracula-monokai
2024-02-06 20:39:28.145 [warning] Extension signature verification failed with error 'UnknownError': ms-vscode-remote.remote-ssh
2024-02-06 20:39:28.166 [info] Extracted extension to file:///home/btngana/.vscode-insiders/extensions/lefd.sweetdracula-monokai-1.1.10: lefd.sweetdracula-monokai
2024-02-06 20:39:28.170 [info] Renamed to /home/btngana/.vscode-insiders/extensions/lefd.sweetdracula-monokai-1.1.10
2024-02-06 20:39:28.171 [info] Extracting extension completed. lefd.sweetdracula-monokai
2024-02-06 20:39:28.182 [info] Extension installed successfully: lefd.sweetdracula-monokai
2024-02-06 20:39:28.186 [info] Marked extension as uninstalled lefd.sweetdracula-monokai-1.1.9
2024-02-06 20:39:28.236 [info] Extracted extension to file:///home/btngana/.vscode-insiders/extensions/ms-vscode-remote.remote-ssh-0.108.0: ms-vscode-remote.remote-ssh
2024-02-06 20:39:28.243 [info] Renamed to /home/btngana/.vscode-insiders/extensions/ms-vscode-remote.remote-ssh-0.108.0
2024-02-06 20:39:28.247 [info] Extracting extension completed. ms-vscode-remote.remote-ssh
2024-02-06 20:39:28.259 [info] Extension installed successfully: ms-vscode-remote.remote-ssh
2024-02-06 20:39:28.263 [info] Marked extension as uninstalled ms-vscode-remote.remote-ssh-0.107.1
2024-02-06 20:39:28.290 [warning] Extension signature verification failed with error 'UnknownError': ms-vscode-remote.remote-containers
2024-02-06 20:39:28.332 [warning] Extension signature verification failed with error 'UnknownError': ms-vscode-remote.remote-wsl
2024-02-06 20:39:28.411 [info] Extracted extension to file:///home/btngana/.vscode-insiders/extensions/ms-vscode-remote.remote-wsl-0.86.0: ms-vscode-remote.remote-wsl
2024-02-06 20:39:28.416 [info] Renamed to /home/btngana/.vscode-insiders/extensions/ms-vscode-remote.remote-wsl-0.86.0
2024-02-06 20:39:28.418 [info] Extracting extension completed. ms-vscode-remote.remote-wsl
2024-02-06 20:39:28.427 [info] Extension installed successfully: ms-vscode-remote.remote-wsl
2024-02-06 20:39:28.431 [info] Marked extension as uninstalled ms-vscode-remote.remote-wsl-0.81.9
2024-02-06 20:39:28.443 [info] Extracted extension to file:///home/btngana/.vscode-insiders/extensions/ms-vscode-remote.remote-containers-0.341.0: ms-vscode-remote.remote-containers
2024-02-06 20:39:28.448 [info] Renamed to /home/btngana/.vscode-insiders/extensions/ms-vscode-remote.remote-containers-0.341.0
2024-02-06 20:39:28.450 [info] Extracting extension completed. ms-vscode-remote.remote-containers
2024-02-06 20:39:28.459 [info] Extension installed successfully: ms-vscode-remote.remote-containers
2024-02-06 20:39:28.462 [info] Marked extension as uninstalled ms-vscode-remote.remote-containers-0.337.0
2024-02-06 20:39:28.509 [error] [uncaught exception in sharedProcess]: Error: ENOENT: no such file or directory, stat '/home/btngana/.vscode-insiders/extensions/extensions.json.vsctmp': EntryNotFound (FileSystemError): Error: ENOENT: no such file or directory, stat '/home/btngana/.vscode-insiders/extensions/extensions.json.vsctmp'
    at r.create (/opt/visual-studio-code-insiders/resources/app/out/vs/code/node/sharedProcess/sharedProcessMain.js:51:30119)
    at a (/opt/visual-studio-code-insiders/resources/app/out/vs/code/node/sharedProcess/sharedProcessMain.js:51:30234)
    at i.fb (/opt/visual-studio-code-insiders/resources/app/out/vs/code/node/sharedProcess/sharedProcessMain.js:56:36631)
    at i.stat (/opt/visual-studio-code-insiders/resources/app/out/vs/code/node/sharedProcess/sharedProcessMain.js:56:29077)
    at async v.stat (/opt/visual-studio-code-insiders/resources/app/out/vs/code/node/sharedProcess/sharedProcessMain.js:56:16223)
    at async Y.tb (/opt/visual-studio-code-insiders/resources/app/out/vs/code/node/sharedProcess/sharedProcessMain.js:102:108626)
2024-02-06 20:39:34.377 [warning] Extension signature verification failed with error 'UnknownError': ms-python.debugpy
2024-02-06 20:39:34.790 [info] Extracted extension to file:///home/btngana/.vscode-insiders/extensions/ms-python.debugpy-2024.0.0-linux-x64: ms-python.debugpy
2024-02-06 20:39:34.796 [info] Renamed to /home/btngana/.vscode-insiders/extensions/ms-python.debugpy-2024.0.0-linux-x64
2024-02-06 20:39:34.798 [info] Extracting extension completed. ms-python.debugpy
2024-02-06 20:39:34.857 [warning] [cmake-tools]: Couldn't find message for key cmake-tools.configuration.cmake.options.advanced.statusBarVisibility.variant.description.
2024-02-06 20:39:34.859 [warning] [csharp]: Couldn't find message for key configuration.razor.server.trace.
2024-02-06 20:39:34.880 [error] [uncaught exception in sharedProcess]: Error: ENOENT: no such file or directory, stat '/home/btngana/.vscode-insiders/extensions/extensions.json.vsctmp': EntryNotFound (FileSystemError): Error: ENOENT: no such file or directory, stat '/home/btngana/.vscode-insiders/extensions/extensions.json.vsctmp'
    at r.create (/opt/visual-studio-code-insiders/resources/app/out/vs/code/node/sharedProcess/sharedProcessMain.js:51:30119)
    at a (/opt/visual-studio-code-insiders/resources/app/out/vs/code/node/sharedProcess/sharedProcessMain.js:51:30234)
    at i.fb (/opt/visual-studio-code-insiders/resources/app/out/vs/code/node/sharedProcess/sharedProcessMain.js:56:36631)
    at i.stat (/opt/visual-studio-code-insiders/resources/app/out/vs/code/node/sharedProcess/sharedProcessMain.js:56:29077)
    at async v.stat (/opt/visual-studio-code-insiders/resources/app/out/vs/code/node/sharedProcess/sharedProcessMain.js:56:16223)
    at async Y.tb (/opt/visual-studio-code-insiders/resources/app/out/vs/code/node/sharedProcess/sharedProcessMain.js:102:108626)
2024-02-06 20:39:40.276 [warning] Extension signature verification failed with error 'UnknownError': wallabyjs.quokka-vscode
2024-02-06 20:39:42.020 [info] Extracted extension to file:///home/btngana/.vscode-insiders/extensions/wallabyjs.quokka-vscode-1.0.625: wallabyjs.quokka-vscode
2024-02-06 20:39:42.026 [info] Renamed to /home/btngana/.vscode-insiders/extensions/wallabyjs.quokka-vscode-1.0.625
2024-02-06 20:39:42.028 [info] Extracting extension completed. wallabyjs.quokka-vscode
2024-02-06 20:39:42.038 [info] Extension installed successfully: wallabyjs.quokka-vscode
2024-02-06 20:39:42.041 [info] Marked extension as uninstalled wallabyjs.quokka-vscode-1.0.620
2024-02-06 20:39:42.111 [error] [uncaught exception in sharedProcess]: Error: ENOENT: no such file or directory, stat '/home/btngana/.vscode-insiders/extensions/extensions.json.vsctmp': EntryNotFound (FileSystemError): Error: ENOENT: no such file or directory, stat '/home/btngana/.vscode-insiders/extensions/extensions.json.vsctmp'
    at r.create (/opt/visual-studio-code-insiders/resources/app/out/vs/code/node/sharedProcess/sharedProcessMain.js:51:30119)
    at a (/opt/visual-studio-code-insiders/resources/app/out/vs/code/node/sharedProcess/sharedProcessMain.js:51:30234)
    at i.fb (/opt/visual-studio-code-insiders/resources/app/out/vs/code/node/sharedProcess/sharedProcessMain.js:56:36631)
    at i.stat (/opt/visual-studio-code-insiders/resources/app/out/vs/code/node/sharedProcess/sharedProcessMain.js:56:29077)
    at async v.stat (/opt/visual-studio-code-insiders/resources/app/out/vs/code/node/sharedProcess/sharedProcessMain.js:56:16223)
    at async Y.tb (/opt/visual-studio-code-insiders/resources/app/out/vs/code/node/sharedProcess/sharedProcessMain.js:102:108626)
2024-02-06 20:39:47.780 [warning] [cmake-tools]: Couldn't find message for key cmake-tools.configuration.cmake.options.advanced.statusBarVisibility.variant.description.
2024-02-06 20:39:47.782 [warning] [csharp]: Couldn't find message for key configuration.razor.server.trace.
2024-02-06 20:39:48.098 [warning] [cmake-tools]: Couldn't find message for key cmake-tools.configuration.cmake.options.advanced.statusBarVisibility.variant.description.
2024-02-06 20:39:48.103 [warning] [csharp]: Couldn't find message for key configuration.razor.server.trace.
2024-02-06 20:39:48.228 [warning] [cmake-tools]: Couldn't find message for key cmake-tools.configuration.cmake.options.advanced.statusBarVisibility.variant.description.
2024-02-06 20:39:48.231 [warning] [csharp]: Couldn't find message for key configuration.razor.server.trace.
2024-02-06 20:39:48.272 [warning] [cmake-tools]: Couldn't find message for key cmake-tools.configuration.cmake.options.advanced.statusBarVisibility.variant.description.
2024-02-06 20:39:48.273 [warning] [csharp]: Couldn't find message for key configuration.razor.server.trace.
2024-02-06 20:39:48.458 [error] [uncaught exception in sharedProcess]: Event not found: onDidChange: CodeExpectedError: Event not found: onDidChange
    at Object.listen (/opt/visual-studio-code-insiders/resources/app/out/vs/code/node/sharedProcess/sharedProcessMain.js:45:4959)
    at E.t (/opt/visual-studio-code-insiders/resources/app/out/vs/code/node/sharedProcess/sharedProcessMain.js:44:251)
    at E.q (/opt/visual-studio-code-insiders/resources/app/out/vs/code/node/sharedProcess/sharedProcessMain.js:43:4371)
    at w.value (/opt/visual-studio-code-insiders/resources/app/out/vs/code/node/sharedProcess/sharedProcessMain.js:43:3602)
    at d.y (/opt/visual-studio-code-insiders/resources/app/out/vs/code/node/sharedProcess/sharedProcessMain.js:38:1902)
    at d.z (/opt/visual-studio-code-insiders/resources/app/out/vs/code/node/sharedProcess/sharedProcessMain.js:38:1972)
    at d.fire (/opt/visual-studio-code-insiders/resources/app/out/vs/code/node/sharedProcess/sharedProcessMain.js:38:2188)
    at MessagePortMain.de (/opt/visual-studio-code-insiders/resources/app/out/vs/code/node/sharedProcess/sharedProcessMain.js:36:30422)
    at MessagePortMain.emit (node:events:514:28)
    at Object.emit (node:electron/js2c/utility_init:2:2285)
2024-02-06 20:39:48.525 [warning] [cmake-tools]: Couldn't find message for key cmake-tools.configuration.cmake.options.advanced.statusBarVisibility.variant.description.
2024-02-06 20:39:48.529 [warning] [csharp]: Couldn't find message for key configuration.razor.server.trace.
2024-02-06 20:39:48.541 [warning] [cmake-tools]: Couldn't find message for key cmake-tools.configuration.cmake.options.advanced.statusBarVisibility.variant.description.
2024-02-06 20:39:48.544 [warning] [csharp]: Couldn't find message for key configuration.razor.server.trace.
2024-02-06 20:39:48.550 [warning] [cmake-tools]: Couldn't find message for key cmake-tools.configuration.cmake.options.advanced.statusBarVisibility.variant.description.
2024-02-06 20:39:48.552 [warning] [csharp]: Couldn't find message for key configuration.razor.server.trace.
2024-02-06 20:39:48.764 [warning] [cmake-tools]: Couldn't find message for key cmake-tools.configuration.cmake.options.advanced.statusBarVisibility.variant.description.
2024-02-06 20:39:48.765 [warning] [csharp]: Couldn't find message for key configuration.razor.server.trace.
2024-02-06 20:39:48.870 [warning] [cmake-tools]: Couldn't find message for key cmake-tools.configuration.cmake.options.advanced.statusBarVisibility.variant.description.
2024-02-06 20:39:48.871 [warning] [csharp]: Couldn't find message for key configuration.razor.server.trace.
2024-02-06 20:39:49.013 [warning] [cmake-tools]: Couldn't find message for key cmake-tools.configuration.cmake.options.advanced.statusBarVisibility.variant.description.
2024-02-06 20:39:49.016 [warning] [csharp]: Couldn't find message for key configuration.razor.server.trace.
2024-02-06 20:39:49.118 [warning] [cmake-tools]: Couldn't find message for key cmake-tools.configuration.cmake.options.advanced.statusBarVisibility.variant.description.
2024-02-06 20:39:49.119 [warning] [csharp]: Couldn't find message for key configuration.razor.server.trace.
2024-02-06 20:39:50.206 [warning] [cmake-tools]: Couldn't find message for key cmake-tools.configuration.cmake.options.advanced.statusBarVisibility.variant.description.
2024-02-06 20:39:50.206 [warning] [csharp]: Couldn't find message for key configuration.razor.server.trace.
2024-02-06 20:39:50.326 [warning] [cmake-tools]: Couldn't find message for key cmake-tools.configuration.cmake.options.advanced.statusBarVisibility.variant.description.
2024-02-06 20:39:50.327 [warning] [csharp]: Couldn't find message for key configuration.razor.server.trace.
2024-02-06 20:39:50.341 [warning] [cmake-tools]: Couldn't find message for key cmake-tools.configuration.cmake.options.advanced.statusBarVisibility.variant.description.
2024-02-06 20:39:50.342 [warning] [csharp]: Couldn't find message for key configuration.razor.server.trace.
2024-02-06 20:39:50.351 [warning] [cmake-tools]: Couldn't find message for key cmake-tools.configuration.cmake.options.advanced.statusBarVisibility.variant.description.
2024-02-06 20:39:50.353 [warning] [csharp]: Couldn't find message for key configuration.razor.server.trace.
2024-02-06 20:39:53.298 [info] Getting Manifest... ms-python.python
2024-02-06 20:39:53.314 [info] Extensions is already requested to install ms-python.python
2024-02-06 20:39:53.754 [warning] Extension signature verification failed with error 'UnknownError': ms-python.python
2024-02-06 20:39:55.285 [info] Extracted extension to file:///home/btngana/.vscode-insiders/extensions/ms-python.python-2024.0.0: ms-python.python
2024-02-06 20:39:55.290 [info] Renamed to /home/btngana/.vscode-insiders/extensions/ms-python.python-2024.0.0
2024-02-06 20:39:55.293 [info] Extracting extension completed. ms-python.python
2024-02-06 20:39:55.303 [info] Extension installed successfully: ms-python.debugpy
2024-02-06 20:39:55.303 [info] Extension installed successfully: ms-python.python
2024-02-06 20:39:55.307 [info] Marked extension as uninstalled ms-python.python-2023.22.1
2024-02-06 20:39:55.375 [error] [uncaught exception in sharedProcess]: Error: ENOENT: no such file or directory, stat '/home/btngana/.vscode-insiders/extensions/extensions.json.vsctmp': EntryNotFound (FileSystemError): Error: ENOENT: no such file or directory, stat '/home/btngana/.vscode-insiders/extensions/extensions.json.vsctmp'
    at r.create (/opt/visual-studio-code-insiders/resources/app/out/vs/code/node/sharedProcess/sharedProcessMain.js:51:30119)
    at a (/opt/visual-studio-code-insiders/resources/app/out/vs/code/node/sharedProcess/sharedProcessMain.js:51:30234)
    at i.fb (/opt/visual-studio-code-insiders/resources/app/out/vs/code/node/sharedProcess/sharedProcessMain.js:56:36631)
    at i.stat (/opt/visual-studio-code-insiders/resources/app/out/vs/code/node/sharedProcess/sharedProcessMain.js:56:29077)
    at async v.stat (/opt/visual-studio-code-insiders/resources/app/out/vs/code/node/sharedProcess/sharedProcessMain.js:56:16223)
    at async Y.tb (/opt/visual-studio-code-insiders/resources/app/out/vs/code/node/sharedProcess/sharedProcessMain.js:102:108626)
2024-02-06 20:44:50.519 [warning] [cmake-tools]: Couldn't find message for key cmake-tools.configuration.cmake.options.advanced.statusBarVisibility.variant.description.
2024-02-06 20:44:50.522 [warning] [csharp]: Couldn't find message for key configuration.razor.server.trace.
2024-02-06 20:49:50.624 [warning] [cmake-tools]: Couldn't find message for key cmake-tools.configuration.cmake.options.advanced.statusBarVisibility.variant.description.
2024-02-06 20:49:50.630 [warning] [csharp]: Couldn't find message for key configuration.razor.server.trace.
2024-02-06 20:52:21.637 [warning] [cmake-tools]: Couldn't find message for key cmake-tools.configuration.cmake.options.advanced.statusBarVisibility.variant.description.
2024-02-06 20:52:21.639 [warning] [csharp]: Couldn't find message for key configuration.razor.server.trace.
2024-02-06 20:52:21.650 [warning] [cmake-tools]: Couldn't find message for key cmake-tools.configuration.cmake.options.advanced.statusBarVisibility.variant.description.
2024-02-06 20:52:21.652 [warning] [csharp]: Couldn't find message for key configuration.razor.server.trace.
2024-02-06 20:52:39.429 [warning] [cmake-tools]: Couldn't find message for key cmake-tools.configuration.cmake.options.advanced.statusBarVisibility.variant.description.
2024-02-06 20:52:39.435 [warning] [csharp]: Couldn't find message for key configuration.razor.server.trace.
2024-02-06 20:54:50.726 [warning] [cmake-tools]: Couldn't find message for key cmake-tools.configuration.cmake.options.advanced.statusBarVisibility.variant.description.
2024-02-06 20:54:50.729 [warning] [csharp]: Couldn't find message for key configuration.razor.server.trace.
2024-02-06 20:58:03.410 [warning] [cmake-tools]: Couldn't find message for key cmake-tools.configuration.cmake.options.advanced.statusBarVisibility.variant.description.
2024-02-06 20:58:03.412 [warning] [csharp]: Couldn't find message for key configuration.razor.server.trace.
2024-02-06 20:58:03.440 [warning] [cmake-tools]: Couldn't find message for key cmake-tools.configuration.cmake.options.advanced.statusBarVisibility.variant.description.
2024-02-06 20:58:03.442 [warning] [csharp]: Couldn't find message for key configuration.razor.server.trace.
2024-02-06 20:58:03.455 [warning] [cmake-tools]: Couldn't find message for key cmake-tools.configuration.cmake.options.advanced.statusBarVisibility.variant.description.
2024-02-06 20:58:03.458 [warning] [csharp]: Couldn't find message for key configuration.razor.server.trace.
2024-02-06 20:58:06.021 [warning] [cmake-tools]: Couldn't find message for key cmake-tools.configuration.cmake.options.advanced.statusBarVisibility.variant.description.
2024-02-06 20:58:06.029 [warning] [csharp]: Couldn't find message for key configuration.razor.server.trace.
2024-02-06 20:58:06.122 [warning] [cmake-tools]: Couldn't find message for key cmake-tools.configuration.cmake.options.advanced.statusBarVisibility.variant.description.
2024-02-06 20:58:06.127 [warning] [csharp]: Couldn't find message for key configuration.razor.server.trace.
2024-02-06 20:58:06.171 [warning] [cmake-tools]: Couldn't find message for key cmake-tools.configuration.cmake.options.advanced.statusBarVisibility.variant.description.
2024-02-06 20:58:06.172 [warning] [csharp]: Couldn't find message for key configuration.razor.server.trace.
2024-02-06 20:58:06.299 [warning] [cmake-tools]: Couldn't find message for key cmake-tools.configuration.cmake.options.advanced.statusBarVisibility.variant.description.
2024-02-06 20:58:06.303 [warning] [csharp]: Couldn't find message for key configuration.razor.server.trace.
2024-02-06 20:58:06.557 [warning] [cmake-tools]: Couldn't find message for key cmake-tools.configuration.cmake.options.advanced.statusBarVisibility.variant.description.
2024-02-06 20:58:06.562 [warning] [csharp]: Couldn't find message for key configuration.razor.server.trace.
2024-02-06 20:58:06.930 [warning] [cmake-tools]: Couldn't find message for key cmake-tools.configuration.cmake.options.advanced.statusBarVisibility.variant.description.
2024-02-06 20:58:06.932 [warning] [csharp]: Couldn't find message for key configuration.razor.server.trace.
2024-02-06 20:58:07.135 [error] [uncaught exception in sharedProcess]: Event not found: onDidChange: CodeExpectedError: Event not found: onDidChange
    at Object.listen (/opt/visual-studio-code-insiders/resources/app/out/vs/code/node/sharedProcess/sharedProcessMain.js:45:4959)
    at E.t (/opt/visual-studio-code-insiders/resources/app/out/vs/code/node/sharedProcess/sharedProcessMain.js:44:251)
    at E.q (/opt/visual-studio-code-insiders/resources/app/out/vs/code/node/sharedProcess/sharedProcessMain.js:43:4371)
    at w.value (/opt/visual-studio-code-insiders/resources/app/out/vs/code/node/sharedProcess/sharedProcessMain.js:43:3602)
    at d.y (/opt/visual-studio-code-insiders/resources/app/out/vs/code/node/sharedProcess/sharedProcessMain.js:38:1902)
    at d.z (/opt/visual-studio-code-insiders/resources/app/out/vs/code/node/sharedProcess/sharedProcessMain.js:38:1972)
    at d.fire (/opt/visual-studio-code-insiders/resources/app/out/vs/code/node/sharedProcess/sharedProcessMain.js:38:2188)
    at MessagePortMain.de (/opt/visual-studio-code-insiders/resources/app/out/vs/code/node/sharedProcess/sharedProcessMain.js:36:30422)
    at MessagePortMain.emit (node:events:514:28)
    at Object.emit (node:electron/js2c/utility_init:2:2285)
2024-02-06 20:58:07.138 [warning] [cmake-tools]: Couldn't find message for key cmake-tools.configuration.cmake.options.advanced.statusBarVisibility.variant.description.
2024-02-06 20:58:07.143 [warning] [csharp]: Couldn't find message for key configuration.razor.server.trace.
2024-02-06 20:58:07.162 [warning] [cmake-tools]: Couldn't find message for key cmake-tools.configuration.cmake.options.advanced.statusBarVisibility.variant.description.
2024-02-06 20:58:07.165 [warning] [csharp]: Couldn't find message for key configuration.razor.server.trace.
2024-02-06 20:58:07.295 [warning] [cmake-tools]: Couldn't find message for key cmake-tools.configuration.cmake.options.advanced.statusBarVisibility.variant.description.
2024-02-06 20:58:07.320 [warning] [csharp]: Couldn't find message for key configuration.razor.server.trace.
2024-02-06 20:58:07.547 [warning] [cmake-tools]: Couldn't find message for key cmake-tools.configuration.cmake.options.advanced.statusBarVisibility.variant.description.
2024-02-06 20:58:07.552 [warning] [csharp]: Couldn't find message for key configuration.razor.server.trace.
2024-02-06 20:58:07.558 [warning] [cmake-tools]: Couldn't find message for key cmake-tools.configuration.cmake.options.advanced.statusBarVisibility.variant.description.
2024-02-06 20:58:07.560 [warning] [csharp]: Couldn't find message for key configuration.razor.server.trace.
2024-02-06 20:58:07.709 [warning] [cmake-tools]: Couldn't find message for key cmake-tools.configuration.cmake.options.advanced.statusBarVisibility.variant.description.
2024-02-06 20:58:07.710 [warning] [csharp]: Couldn't find message for key configuration.razor.server.trace.
2024-02-06 20:58:07.836 [warning] [cmake-tools]: Couldn't find message for key cmake-tools.configuration.cmake.options.advanced.statusBarVisibility.variant.description.
2024-02-06 20:58:07.838 [warning] [csharp]: Couldn't find message for key configuration.razor.server.trace.
2024-02-06 20:58:08.457 [warning] [cmake-tools]: Couldn't find message for key cmake-tools.configuration.cmake.options.advanced.statusBarVisibility.variant.description.
2024-02-06 20:58:08.461 [warning] [csharp]: Couldn't find message for key configuration.razor.server.trace.
2024-02-06 20:58:08.586 [warning] [cmake-tools]: Couldn't find message for key cmake-tools.configuration.cmake.options.advanced.statusBarVisibility.variant.description.
2024-02-06 20:58:08.598 [warning] [csharp]: Couldn't find message for key configuration.razor.server.trace.
2024-02-06 20:58:08.694 [warning] [cmake-tools]: Couldn't find message for key cmake-tools.configuration.cmake.options.advanced.statusBarVisibility.variant.description.
2024-02-06 20:58:08.696 [warning] [csharp]: Couldn't find message for key configuration.razor.server.trace.
2024-02-06 20:58:08.703 [warning] [cmake-tools]: Couldn't find message for key cmake-tools.configuration.cmake.options.advanced.statusBarVisibility.variant.description.
2024-02-06 20:58:08.705 [warning] [csharp]: Couldn't find message for key configuration.razor.server.trace.
2024-02-06 20:58:57.978 [info] Getting Manifest... usernamehw.errorlens
2024-02-06 20:58:57.988 [info] Installing extension: usernamehw.errorlens
2024-02-06 20:58:58.093 [warning] [cmake-tools]: Couldn't find message for key cmake-tools.configuration.cmake.options.advanced.statusBarVisibility.variant.description.
2024-02-06 20:58:58.095 [warning] [csharp]: Couldn't find message for key configuration.razor.server.trace.
2024-02-06 20:58:58.176 [warning] [cmake-tools]: Couldn't find message for key cmake-tools.configuration.cmake.options.advanced.statusBarVisibility.variant.description.
2024-02-06 20:58:58.180 [warning] [csharp]: Couldn't find message for key configuration.razor.server.trace.
2024-02-06 20:58:58.252 [warning] [cmake-tools]: Couldn't find message for key cmake-tools.configuration.cmake.options.advanced.statusBarVisibility.variant.description.
2024-02-06 20:58:58.254 [warning] [csharp]: Couldn't find message for key configuration.razor.server.trace.
2024-02-06 20:58:59.025 [warning] Extension signature verification failed with error 'UnknownError': usernamehw.errorlens
2024-02-06 20:58:59.049 [info] Extracted extension to file:///home/btngana/.vscode-insiders/extensions/usernamehw.errorlens-3.16.0: usernamehw.errorlens
2024-02-06 20:58:59.054 [info] Renamed to /home/btngana/.vscode-insiders/extensions/usernamehw.errorlens-3.16.0
2024-02-06 20:58:59.055 [info] Extracting extension completed. usernamehw.errorlens
2024-02-06 20:58:59.065 [info] Extension installed successfully: usernamehw.errorlens
2024-02-06 20:58:59.137 [error] [uncaught exception in sharedProcess]: Error: ENOENT: no such file or directory, stat '/home/btngana/.vscode-insiders/extensions/extensions.json.vsctmp': EntryNotFound (FileSystemError): Error: ENOENT: no such file or directory, stat '/home/btngana/.vscode-insiders/extensions/extensions.json.vsctmp'
    at r.create (/opt/visual-studio-code-insiders/resources/app/out/vs/code/node/sharedProcess/sharedProcessMain.js:51:30119)
    at a (/opt/visual-studio-code-insiders/resources/app/out/vs/code/node/sharedProcess/sharedProcessMain.js:51:30234)
    at i.fb (/opt/visual-studio-code-insiders/resources/app/out/vs/code/node/sharedProcess/sharedProcessMain.js:56:36631)
    at i.stat (/opt/visual-studio-code-insiders/resources/app/out/vs/code/node/sharedProcess/sharedProcessMain.js:56:29077)
    at async v.stat (/opt/visual-studio-code-insiders/resources/app/out/vs/code/node/sharedProcess/sharedProcessMain.js:56:16223)
    at async Y.tb (/opt/visual-studio-code-insiders/resources/app/out/vs/code/node/sharedProcess/sharedProcessMain.js:102:108626)
2024-02-06 21:03:08.799 [warning] [cmake-tools]: Couldn't find message for key cmake-tools.configuration.cmake.options.advanced.statusBarVisibility.variant.description.
2024-02-06 21:03:08.801 [warning] [csharp]: Couldn't find message for key configuration.razor.server.trace.
2024-02-06 21:08:09.212 [warning] [cmake-tools]: Couldn't find message for key cmake-tools.configuration.cmake.options.advanced.statusBarVisibility.variant.description.
2024-02-06 21:08:09.213 [warning] [csharp]: Couldn't find message for key configuration.razor.server.trace.
2024-02-06 21:13:09.319 [warning] [cmake-tools]: Couldn't find message for key cmake-tools.configuration.cmake.options.advanced.statusBarVisibility.variant.description.
2024-02-06 21:13:09.322 [warning] [csharp]: Couldn't find message for key configuration.razor.server.trace.
2024-02-06 21:18:09.462 [warning] [cmake-tools]: Couldn't find message for key cmake-tools.configuration.cmake.options.advanced.statusBarVisibility.variant.description.
2024-02-06 21:18:09.469 [warning] [csharp]: Couldn't find message for key configuration.razor.server.trace.
2024-02-06 21:23:09.578 [warning] [cmake-tools]: Couldn't find message for key cmake-tools.configuration.cmake.options.advanced.statusBarVisibility.variant.description.
2024-02-06 21:23:09.580 [warning] [csharp]: Couldn't find message for key configuration.razor.server.trace.
2024-02-06 21:28:09.705 [warning] [cmake-tools]: Couldn't find message for key cmake-tools.configuration.cmake.options.advanced.statusBarVisibility.variant.description.
2024-02-06 21:28:09.709 [warning] [csharp]: Couldn't find message for key configuration.razor.server.trace.
2024-02-06 21:33:09.789 [warning] [cmake-tools]: Couldn't find message for key cmake-tools.configuration.cmake.options.advanced.statusBarVisibility.variant.description.
2024-02-06 21:33:09.791 [warning] [csharp]: Couldn't find message for key configuration.razor.server.trace.
2024-02-06 21:38:09.867 [warning] [cmake-tools]: Couldn't find message for key cmake-tools.configuration.cmake.options.advanced.statusBarVisibility.variant.description.
2024-02-06 21:38:09.870 [warning] [csharp]: Couldn't find message for key configuration.razor.server.trace.
2024-02-06 21:43:09.964 [warning] [cmake-tools]: Couldn't find message for key cmake-tools.configuration.cmake.options.advanced.statusBarVisibility.variant.description.
2024-02-06 21:43:09.968 [warning] [csharp]: Couldn't find message for key configuration.razor.server.trace.
2024-02-06 21:48:10.085 [warning] [cmake-tools]: Couldn't find message for key cmake-tools.configuration.cmake.options.advanced.statusBarVisibility.variant.description.
2024-02-06 21:48:10.088 [warning] [csharp]: Couldn't find message for key configuration.razor.server.trace.
2024-02-06 21:53:10.224 [warning] [cmake-tools]: Couldn't find message for key cmake-tools.configuration.cmake.options.advanced.statusBarVisibility.variant.description.
2024-02-06 21:53:10.231 [warning] [csharp]: Couldn't find message for key configuration.razor.server.trace.
2024-02-06 21:58:10.335 [warning] [cmake-tools]: Couldn't find message for key cmake-tools.configuration.cmake.options.advanced.statusBarVisibility.variant.description.
2024-02-06 21:58:10.338 [warning] [csharp]: Couldn't find message for key configuration.razor.server.trace.
2024-02-06 22:03:10.458 [warning] [cmake-tools]: Couldn't find message for key cmake-tools.configuration.cmake.options.advanced.statusBarVisibility.variant.description.
2024-02-06 22:03:10.465 [warning] [csharp]: Couldn't find message for key configuration.razor.server.trace.
2024-02-06 22:08:10.884 [warning] [cmake-tools]: Couldn't find message for key cmake-tools.configuration.cmake.options.advanced.statusBarVisibility.variant.description.
2024-02-06 22:08:10.887 [warning] [csharp]: Couldn't find message for key configuration.razor.server.trace.
2024-02-06 22:10:21.528 [warning] [cmake-tools]: Couldn't find message for key cmake-tools.configuration.cmake.options.advanced.statusBarVisibility.variant.description.
2024-02-06 22:10:21.530 [warning] [csharp]: Couldn't find message for key configuration.razor.server.trace.
2024-02-06 22:10:21.567 [warning] [cmake-tools]: Couldn't find message for key cmake-tools.configuration.cmake.options.advanced.statusBarVisibility.variant.description.
2024-02-06 22:10:21.570 [warning] [csharp]: Couldn't find message for key configuration.razor.server.trace.
2024-02-06 22:11:26.495 [warning] [cmake-tools]: Couldn't find message for key cmake-tools.configuration.cmake.options.advanced.statusBarVisibility.variant.description.
2024-02-06 22:11:26.497 [warning] [csharp]: Couldn't find message for key configuration.razor.server.trace.
2024-02-06 22:11:46.312 [warning] [cmake-tools]: Couldn't find message for key cmake-tools.configuration.cmake.options.advanced.statusBarVisibility.variant.description.
2024-02-06 22:11:46.317 [warning] [csharp]: Couldn't find message for key configuration.razor.server.trace.
2024-02-06 22:13:11.018 [warning] [cmake-tools]: Couldn't find message for key cmake-tools.configuration.cmake.options.advanced.statusBarVisibility.variant.description.
2024-02-06 22:13:11.022 [warning] [csharp]: Couldn't find message for key configuration.razor.server.trace.
