2024-02-06 22:21:00.953 [warning] [cmake-tools]: Couldn't find message for key cmake-tools.configuration.cmake.options.advanced.statusBarVisibility.variant.description.
2024-02-06 22:21:00.959 [warning] [csharp]: Couldn't find message for key configuration.razor.server.trace.
2024-02-06 22:21:00.980 [warning] [cmake-tools]: Couldn't find message for key cmake-tools.configuration.cmake.options.advanced.statusBarVisibility.variant.description.
2024-02-06 22:21:00.983 [warning] [csharp]: Couldn't find message for key configuration.razor.server.trace.
2024-02-06 22:21:00.995 [warning] [csharp]: Couldn't find message for key configuration.razor.server.trace.
2024-02-06 22:21:00.999 [warning] [cmake-tools]: Couldn't find message for key cmake-tools.configuration.cmake.options.advanced.statusBarVisibility.variant.description.
2024-02-06 22:21:01.006 [warning] [cmake-tools]: Couldn't find message for key cmake-tools.configuration.cmake.options.advanced.statusBarVisibility.variant.description.
2024-02-06 22:21:01.008 [warning] [csharp]: Couldn't find message for key configuration.razor.server.trace.
2024-02-06 22:21:01.013 [warning] [cmake-tools]: Couldn't find message for key cmake-tools.configuration.cmake.options.advanced.statusBarVisibility.variant.description.
2024-02-06 22:21:01.015 [warning] [csharp]: Couldn't find message for key configuration.razor.server.trace.
2024-02-06 22:21:01.038 [warning] [csharp]: Couldn't find message for key configuration.razor.server.trace.
2024-02-06 22:21:01.040 [warning] [cmake-tools]: Couldn't find message for key cmake-tools.configuration.cmake.options.advanced.statusBarVisibility.variant.description.
2024-02-06 22:21:01.195 [info] Deleted uninstalled extension from disk ms-python.python /home/btngana/.vscode-insiders/extensions/ms-python.python-2024.0.0
2024-02-06 22:21:01.201 [error] [uncaught exception in sharedProcess]: Error: ENOENT: no such file or directory, stat '/home/btngana/.vscode-insiders/extensions/ms-python.python-2024.0.0.-5cbb85d3.vsctmp': EntryNotFound (FileSystemError): Error: ENOENT: no such file or directory, stat '/home/btngana/.vscode-insiders/extensions/ms-python.python-2024.0.0.-5cbb85d3.vsctmp'
    at r.create (/opt/visual-studio-code-insiders/resources/app/out/vs/code/node/sharedProcess/sharedProcessMain.js:51:30119)
    at a (/opt/visual-studio-code-insiders/resources/app/out/vs/code/node/sharedProcess/sharedProcessMain.js:51:30234)
    at i.fb (/opt/visual-studio-code-insiders/resources/app/out/vs/code/node/sharedProcess/sharedProcessMain.js:56:36631)
    at i.stat (/opt/visual-studio-code-insiders/resources/app/out/vs/code/node/sharedProcess/sharedProcessMain.js:56:29077)
    at async v.stat (/opt/visual-studio-code-insiders/resources/app/out/vs/code/node/sharedProcess/sharedProcessMain.js:56:16223)
    at async Y.tb (/opt/visual-studio-code-insiders/resources/app/out/vs/code/node/sharedProcess/sharedProcessMain.js:102:108626)
2024-02-06 22:21:01.410 [warning] [cmake-tools]: Couldn't find message for key cmake-tools.configuration.cmake.options.advanced.statusBarVisibility.variant.description.
2024-02-06 22:21:01.411 [warning] [csharp]: Couldn't find message for key configuration.razor.server.trace.
2024-02-06 22:21:01.655 [warning] [cmake-tools]: Couldn't find message for key cmake-tools.configuration.cmake.options.advanced.statusBarVisibility.variant.description.
2024-02-06 22:21:01.658 [warning] [csharp]: Couldn't find message for key configuration.razor.server.trace.
2024-02-06 22:21:01.743 [warning] [cmake-tools]: Couldn't find message for key cmake-tools.configuration.cmake.options.advanced.statusBarVisibility.variant.description.
2024-02-06 22:21:01.746 [warning] [csharp]: Couldn't find message for key configuration.razor.server.trace.
2024-02-06 22:21:01.910 [warning] [cmake-tools]: Couldn't find message for key cmake-tools.configuration.cmake.options.advanced.statusBarVisibility.variant.description.
2024-02-06 22:21:01.913 [warning] [csharp]: Couldn't find message for key configuration.razor.server.trace.
2024-02-06 22:21:02.085 [warning] [cmake-tools]: Couldn't find message for key cmake-tools.configuration.cmake.options.advanced.statusBarVisibility.variant.description.
2024-02-06 22:21:02.086 [warning] [csharp]: Couldn't find message for key configuration.razor.server.trace.
2024-02-06 22:21:02.100 [warning] [cmake-tools]: Couldn't find message for key cmake-tools.configuration.cmake.options.advanced.statusBarVisibility.variant.description.
2024-02-06 22:21:02.103 [warning] [csharp]: Couldn't find message for key configuration.razor.server.trace.
2024-02-06 22:21:02.242 [warning] [cmake-tools]: Couldn't find message for key cmake-tools.configuration.cmake.options.advanced.statusBarVisibility.variant.description.
2024-02-06 22:21:02.244 [warning] [csharp]: Couldn't find message for key configuration.razor.server.trace.
2024-02-06 22:21:02.375 [warning] [cmake-tools]: Couldn't find message for key cmake-tools.configuration.cmake.options.advanced.statusBarVisibility.variant.description.
2024-02-06 22:21:02.376 [warning] [csharp]: Couldn't find message for key configuration.razor.server.trace.
2024-02-06 22:21:02.379 [error] [uncaught exception in sharedProcess]: Event not found: onDidChange: CodeExpectedError: Event not found: onDidChange
    at Object.listen (/opt/visual-studio-code-insiders/resources/app/out/vs/code/node/sharedProcess/sharedProcessMain.js:45:4959)
    at E.t (/opt/visual-studio-code-insiders/resources/app/out/vs/code/node/sharedProcess/sharedProcessMain.js:44:251)
    at E.q (/opt/visual-studio-code-insiders/resources/app/out/vs/code/node/sharedProcess/sharedProcessMain.js:43:4371)
    at w.value (/opt/visual-studio-code-insiders/resources/app/out/vs/code/node/sharedProcess/sharedProcessMain.js:43:3602)
    at d.y (/opt/visual-studio-code-insiders/resources/app/out/vs/code/node/sharedProcess/sharedProcessMain.js:38:1902)
    at d.z (/opt/visual-studio-code-insiders/resources/app/out/vs/code/node/sharedProcess/sharedProcessMain.js:38:1972)
    at d.fire (/opt/visual-studio-code-insiders/resources/app/out/vs/code/node/sharedProcess/sharedProcessMain.js:38:2188)
    at MessagePortMain.de (/opt/visual-studio-code-insiders/resources/app/out/vs/code/node/sharedProcess/sharedProcessMain.js:36:30422)
    at MessagePortMain.emit (node:events:514:28)
    at Object.emit (node:electron/js2c/utility_init:2:2285)
2024-02-06 22:21:02.513 [warning] [cmake-tools]: Couldn't find message for key cmake-tools.configuration.cmake.options.advanced.statusBarVisibility.variant.description.
2024-02-06 22:21:02.514 [warning] [csharp]: Couldn't find message for key configuration.razor.server.trace.
2024-02-06 22:21:03.035 [warning] [cmake-tools]: Couldn't find message for key cmake-tools.configuration.cmake.options.advanced.statusBarVisibility.variant.description.
2024-02-06 22:21:03.036 [warning] [csharp]: Couldn't find message for key configuration.razor.server.trace.
2024-02-06 22:21:03.132 [warning] [cmake-tools]: Couldn't find message for key cmake-tools.configuration.cmake.options.advanced.statusBarVisibility.variant.description.
2024-02-06 22:21:03.133 [warning] [csharp]: Couldn't find message for key configuration.razor.server.trace.
2024-02-06 22:21:03.231 [warning] [cmake-tools]: Couldn't find message for key cmake-tools.configuration.cmake.options.advanced.statusBarVisibility.variant.description.
2024-02-06 22:21:03.232 [warning] [csharp]: Couldn't find message for key configuration.razor.server.trace.
2024-02-06 22:21:03.240 [warning] [cmake-tools]: Couldn't find message for key cmake-tools.configuration.cmake.options.advanced.statusBarVisibility.variant.description.
2024-02-06 22:21:03.243 [warning] [csharp]: Couldn't find message for key configuration.razor.server.trace.
2024-02-06 22:21:03.823 [warning] [cmake-tools]: Couldn't find message for key cmake-tools.configuration.cmake.options.advanced.statusBarVisibility.variant.description.
2024-02-06 22:21:03.824 [warning] [csharp]: Couldn't find message for key configuration.razor.server.trace.
